#
# A fatal error has been detected by the Java Runtime Environment:
#
#  EXCEPTION_ACCESS_VIOLATION (0xc0000005) at pc=0x0000014c0753d678, pid=23844, tid=14184
#
# JRE version: Java(TM) SE Runtime Environment (21.0+35) (build 21+35-LTS-2513)
# Java VM: Java HotSpot(TM) 64-Bit Server VM (21+35-LTS-2513, mixed mode, sharing, tiered, compressed oops, compressed class ptrs, g1 gc, windows-amd64)
# Problematic frame:
# j  jdk.internal.misc.Unsafe.putLongVolatile(Ljava/lang/Object;JJ)V+0 java.base@21
#
# No core dump will be written. Minidumps are not enabled by default on client versions of Windows
#
# If you would like to submit a bug report, please visit:
#   https://bugreport.java.com/bugreport/crash.jsp
#

---------------  S U M M A R Y ------------

Command Line: -javaagent:C:\Program Files\JetBrains\IntelliJ IDEA Community Edition 2023.2.3\lib\idea_rt.jar=52430:C:\Program Files\JetBrains\IntelliJ IDEA Community Edition 2023.2.3\bin -Dfile.encoding=UTF-8 -Dsun.stdout.encoding=UTF-8 -Dsun.stderr.encoding=UTF-8 com.example.CrudApplication.CrudApplication

Host: 11th Gen Intel(R) Core(TM) i5-1135G7 @ 2.40GHz, 8 cores, 15G,  Windows 11 , 64 bit Build 22621 (10.0.22621.3085)
Time: Wed Feb 28 11:11:55 2024 Egypt Standard Time elapsed time: 21.959523 seconds (0d 0h 0m 21s)

---------------  T H R E A D  ---------------

Current thread (0x0000014c543804e0):  JavaThread "http-nio-8080-exec-1" daemon [_thread_in_Java, id=14184, stack(0x0000000d9f200000,0x0000000d9f300000) (1024K)]

Stack: [0x0000000d9f200000,0x0000000d9f300000],  sp=0x0000000d9f2fccf0,  free space=1011k
Native frames: (J=compiled Java code, j=interpreted, Vv=VM code, C=native code)
C  0x0000014c0753d678

The last pc belongs to native method entry point (kind = native) (printed below).

siginfo: EXCEPTION_ACCESS_VIOLATION (0xc0000005), writing address 0x0000014c54400878


Registers:
RAX=0x0000000d9f2fccf8, RBX=0x0000014c0f4497b0, RCX=0x0000014c543804e0, RDX=0x0000000000000000
RSP=0x0000000d9f2fccf0, RBP=0x0000000d9f2fcd40, RSI=0x00000007057122a0, RDI=0x0000000000000000
R8 =0x0000000000000004, R9 =0x00000007049eec38, R10=0x00007ff9ec527dd0, R11=0x0000014c07b3f720
R12=0x0000000000000000, R13=0x0000014c0fbdce08, R14=0x0000000d9f2fcd88, R15=0x0000014c543804e0
RIP=0x0000014c0753d678, EFLAGS=0x0000000000010246


Register to memory mapping:

RAX=0x0000000d9f2fccf8 is pointing into the stack for thread: 0x0000014c543804e0
RBX={method} {0x0000014c0f4497b8} 'putLongVolatile' '(Ljava/lang/Object;JJ)V' in 'jdk/internal/misc/Unsafe'
RCX=0x0000014c543804e0 is a thread
RDX=0x0 is null
RSP=0x0000000d9f2fccf0 is pointing into the stack for thread: 0x0000014c543804e0
RBP=0x0000000d9f2fcd40 is pointing into the stack for thread: 0x0000014c543804e0
RSI=0x00000007057122a0 is an oop: java.lang.invoke.MemberName 
{0x00000007057122a0} - klass: 'java/lang/invoke/MemberName'
 - ---- fields (total size 6 words):
 - private 'flags' 'I' @12  100728840 (0x06010008)
 - injected 'vmindex' 'J' @16  -2 (0xfffffffffffffffe)
 - private 'clazz' 'Ljava/lang/Class;' @24  a 'java/lang/Class'{0x0000000704f69740} = 'java/lang/invoke/VarHandleLongs$Array' (0xe09ed2e8)
 - private 'name' 'Ljava/lang/String;' @28  "setRelease"{0x000000070445ae30} (0xe088b5c6)
 - private 'type' 'Ljava/lang/Object;' @32  a 'java/lang/invoke/MethodType'{0x00000007056a6f90} = (Ljava/lang/invoke/VarHandle;Ljava/lang/Object;IJ)V (0xe0ad4df2)
 - private 'method' 'Ljava/lang/invoke/ResolvedMethodName;' @36  a 'java/lang/invoke/ResolvedMethodName'{0x00000007057122d0} (0xe0ae245a)
 - 'resolution' 'Ljava/lang/Object;' @40  null (0x00000000)
RDI=0x0 is null
R8 =0x0000000000000004 is an unknown value
R9 =0x00000007049eec38 is an oop: jdk.internal.util.Preconditions$4 
{0x00000007049eec38} - klass: 'jdk/internal/util/Preconditions$4'
 - ---- fields (total size 2 words):
 - final synthetic 'val$f' 'Ljava/util/function/Function;' @12  a 'jdk/internal/util/Preconditions$2'{0x00000007049eec48} (0xe093dd89)
R10=0x00007ff9ec527dd0 jvm.dll
R11=0x0000014c07b3f720 is at entry_point+0 in (nmethod*)0x0000014c07b3f590
Compiled method (c2)   21973 1221       4       jdk.internal.util.Preconditions::checkIndex (18 bytes)
 total in heap  [0x0000014c07b3f590,0x0000014c07b3f848] = 696
 relocation     [0x0000014c07b3f6f0,0x0000014c07b3f708] = 24
 main code      [0x0000014c07b3f720,0x0000014c07b3f7b8] = 152
 stub code      [0x0000014c07b3f7b8,0x0000014c07b3f7d0] = 24
 metadata       [0x0000014c07b3f7d0,0x0000014c07b3f7d8] = 8
 scopes data    [0x0000014c07b3f7d8,0x0000014c07b3f800] = 40
 scopes pcs     [0x0000014c07b3f800,0x0000014c07b3f840] = 64
 dependencies   [0x0000014c07b3f840,0x0000014c07b3f848] = 8
R12=0x0 is null
R13=0x0000014c0fbdce08 is pointing into metadata
R14=0x0000000d9f2fcd88 is pointing into the stack for thread: 0x0000014c543804e0
R15=0x0000014c543804e0 is a thread

Top of Stack: (sp=0x0000000d9f2fccf0)
0x0000000d9f2fccf0:   0000014c0753d65d 0000000d9f2fccf8
0x0000000d9f2fcd00:   0000014c0fbdce08 0000000000000009
0x0000000d9f2fcd10:   0000014c0f44af10 0000000000000000
0x0000000d9f2fcd20:   00000007044bf028 0000014c0f4497b0
0x0000000d9f2fcd30:   0000000000000000 0000000d9f2fcd60
0x0000000d9f2fcd40:   0000000d9f2fcdd8 0000014c07538846
0x0000000d9f2fcd50:   0000000000000000 0000000000000000
0x0000000d9f2fcd60:   0000000000000000 0000000000000000
0x0000000d9f2fcd70:   0000000000000020 0000000000000000
0x0000000d9f2fcd80:   0000000710691368 00000007044ca850
0x0000000d9f2fcd90:   0000000d9f2fcd90 0000014c0fbdbacd
0x0000000d9f2fcda0:   0000000000000007 0000014c0f44af10
0x0000000d9f2fcdb0:   0000000000000000 00000007044bf028
0x0000000d9f2fcdc0:   0000014c0f448b10 0000000d9f2fcd60
0x0000000d9f2fcdd0:   0000000d9f2fcde8 0000000d9f2fce60
0x0000000d9f2fcde0:   0000014c07538846 0000000000000000
0x0000000d9f2fcdf0:   0000000000000000 0000000000000020
0x0000000d9f2fce00:   0000000000000000 0000000710691368
0x0000000d9f2fce10:   00000007044ca850 0000000d9f2fce18
0x0000000d9f2fce20:   0000014c503944f2 0000000000000008
0x0000000d9f2fce30:   0000014c503963f0 0000000000000000
0x0000000d9f2fce40:   0000000704f69740 0000014c50394558
0x0000000d9f2fce50:   0000000d9f2fcde8 0000000d9f2fceb0
0x0000000d9f2fce60:   0000000d9f2fd068 0000014c0089321c
0x0000000d9f2fce70:   0000000710691368 0000000704f6a890
0x0000000d9f2fce80:   0000000000000000 0000014c07dd5dc2
0x0000000d9f2fce90:   0000014c00000002 0000000710691368
0x0000000d9f2fcea0:   0000000704f6a890 0000014c0089321c
0x0000000d9f2fceb0:   00000007044ca850 00000007106915e8
0x0000000d9f2fcec0:   0000000d9f2fcf40 0000014c07538924
0x0000000d9f2fced0:   0000014c07538924 0000000000000020
0x0000000d9f2fcee0:   0000000000000000 00000007106912f8 

Instructions: (pc=0x0000014c0753d678)
0x0000014c0753d578:   00 4c 8b 00 4d 85 c0 0f 84 0b 00 00 00 f0 4d 0f
0x0000014c0753d588:   b1 01 0f 85 0c 00 00 00 49 ff 8f 50 05 00 00 e9
0x0000014c0753d598:   3e 00 00 00 4c 89 4a 08 48 8b ca 48 83 ec 20 40
0x0000014c0753d5a8:   f6 c4 0f 0f 84 19 00 00 00 48 83 ec 08 48 b8 a0
0x0000014c0753d5b8:   53 cb eb f9 7f 00 00 ff d0 48 83 c4 08 e9 0c 00
0x0000014c0753d5c8:   00 00 48 b8 a0 53 cb eb f9 7f 00 00 ff d0 48 83
0x0000014c0753d5d8:   c4 20 4c 8b 6d c0 49 ba 19 05 50 ec f9 7f 00 00
0x0000014c0753d5e8:   41 80 3a 00 0f 84 3e 00 00 00 48 8b 55 e8 49 8b
0x0000014c0753d5f8:   cf 48 83 ec 20 40 f6 c4 0f 0f 84 19 00 00 00 48
0x0000014c0753d608:   83 ec 08 48 b8 80 e8 00 ec f9 7f 00 00 ff d0 48
0x0000014c0753d618:   83 c4 08 e9 0c 00 00 00 48 b8 80 e8 00 ec f9 7f
0x0000014c0753d628:   00 00 ff d0 48 83 c4 20 48 8b 04 24 48 83 c4 10
0x0000014c0753d638:   c5 fb 10 04 24 48 83 c4 10 4c 8b 5d 18 41 ff d3
0x0000014c0753d648:   4c 8b 5d f8 c9 5f 49 8b e3 ff e7 ba 00 00 00 00
0x0000014c0753d658:   e8 05 00 00 00 e9 96 00 00 00 48 8d 44 24 08 4c
0x0000014c0753d668:   89 6d c0 49 8b cf c5 f8 77 49 89 af a8 03 00 00
0x0000014c0753d678:   49 89 87 98 03 08 00 48 83 ec 20 40 f6 c4 0f 0f
0x0000014c0753d688:   84 19 00 00 00 48 83 ec 08 48 b8 70 47 cb eb f9
0x0000014c0753d698:   7f 00 00 ff d0 48 83 c4 08 e9 0c 00 00 00 48 b8
0x0000014c0753d6a8:   70 47 cb eb f9 7f 00 00 ff d0 48 83 c4 20 49 c7
0x0000014c0753d6b8:   87 98 03 00 00 00 00 00 00 49 c7 87 a8 03 00 00
0x0000014c0753d6c8:   00 00 00 00 49 c7 87 a0 03 00 00 00 00 00 00 c5
0x0000014c0753d6d8:   f8 77 49 83 7f 08 00 0f 84 05 00 00 00 e9 16 38
0x0000014c0753d6e8:   ff ff 4c 8b 6d c0 4c 8b 75 c8 4e 8d 74 f5 00 c3
0x0000014c0753d6f8:   48 8b 5d e8 e9 5b f5 ff ff 0f 1f 80 00 00 00 00
0x0000014c0753d708:   18 7d 32 ec f9 7f 00 00 48 0d 00 00 ff ff ff ff
0x0000014c0753d718:   00 00 00 00 00 00 00 00 48 8b 4b 08 0f b7 49 2e
0x0000014c0753d728:   58 4c 8d 74 cc f8 68 00 00 00 00 68 00 00 00 00
0x0000014c0753d738:   50 55 48 8b ec 41 55 68 00 00 00 00 4c 8b 6b 08
0x0000014c0753d748:   4d 8d 6d 38 53 48 8b 53 08 48 8b 52 08 48 8b 52
0x0000014c0753d758:   18 48 8b 52 70 48 8b 12 52 48 8b 53 10 48 85 d2
0x0000014c0753d768:   0f 84 07 00 00 00 48 81 c2 08 01 00 00 52 48 8b 


Stack slot to memory mapping:

stack at sp + 0 slots: 0x0000014c0753d65d is at code_begin+2941 in an Interpreter codelet
native method entry point (kind = native)  [0x0000014c0753cae0, 0x0000014c0753d708]  3112 bytes
stack at sp + 1 slots: 0x0000000d9f2fccf8 is pointing into the stack for thread: 0x0000014c543804e0
stack at sp + 2 slots: 0x0000014c0fbdce08 is pointing into metadata
stack at sp + 3 slots: 0x0000000000000009 is an unknown value
stack at sp + 4 slots: 0x0000014c0f44af10 is pointing into metadata
stack at sp + 5 slots: 0x0 is null
stack at sp + 6 slots: 0x00000007044bf028 is an oop: java.lang.Class 
{0x00000007044bf028} - klass: 'java/lang/Class'
 - ---- fields (total size 25 words):
 - private volatile transient 'classRedefinedCount' 'I' @12  0 (0x00000000)
 - injected 'klass' 'J' @16  1426180881232 (0x0000014c0f013b50)
 - injected 'array_klass' 'J' @24  0 (0x0000000000000000)
 - injected 'oop_size' 'I' @32  25 (0x00000019)
 - injected 'static_oop_field_count' 'I' @36  1 (0x00000001)
 - private volatile transient 'cachedConstructor' 'Ljava/lang/reflect/Constructor;' @40  null (0x00000000)
 - private transient 'name' 'Ljava/lang/String;' @44  "jdk.internal.misc.Unsafe"{0x000000070565d800} (0xe0acbb00)
 - private transient 'module' 'Ljava/lang/Module;' @48  a 'java/lang/Module'{0x00000007044bfc78} (0xe0897f8f)
 - private final 'classLoader' 'Ljava/lang/ClassLoader;' @52  null (0x00000000)
 - private transient 'classData' 'Ljava/lang/Object;' @56  null (0x00000000)
 - private transient 'packageName' 'Ljava/lang/String;' @60  "jdk.internal.misc"{0x00000007044c1f68} (0xe08983ed)
 - private final 'componentType' 'Ljava/lang/Class;' @64  null (0x00000000)
 - private volatile transient 'reflectionData' 'Ljava/lang/ref/SoftReference;' @68  null (0x00000000)
 - private volatile transient 'genericInfo' 'Lsun/reflect/generics/repository/ClassRepository;' @72  null (0x00000000)
 - private volatile transient 'enumConstants' '[Ljava/lang/Object;' @76  null (0x00000000)
 - private volatile transient 'enumConstantDirectory' 'Ljava/util/Map;' @80  null (0x00000000)
 - private volatile transient 'annotationData' 'Ljava/lang/Class$AnnotationData;' @84  null (0x00000000)
 - private volatile transient 'annotationType' 'Lsun/reflect/annotation/AnnotationType;' @88  null (0x00000000)
 - transient 'classValueMap' 'Ljava/lang/ClassValue$ClassValueMap;' @92  null (0x00000000)
 - injected 'protection_domain' 'Ljava/lang/Object;' @96  null (0x00000000)
 - injected 'signers_name' 'Ljava/lang/Object;' @100  null (0x00000000)
 - injected 'source_file' 'Ljava/lang/Object;' @104  null (0x00000000)
 - signature: Ljdk/internal/misc/Unsafe;
 - ---- static fields (1):
 - private static final 'theUnsafe' 'Ljdk/internal/misc/Unsafe;' @112  a 'jdk/internal/misc/Unsafe'{0x00000007044ca850} (0xe089950a)
 - public static final 'INVALID_FIELD_OFFSET' 'I' @116  -1 (0xffffffff)
 - public static final 'ARRAY_BOOLEAN_BASE_OFFSET' 'I' @120  16 (0x00000010)
 - public static final 'ARRAY_BYTE_BASE_OFFSET' 'I' @124  16 (0x00000010)
 - public static final 'ARRAY_SHORT_BASE_OFFSET' 'I' @128  16 (0x00000010)
 - public static final 'ARRAY_CHAR_BASE_OFFSET' 'I' @132  16 (0x00000010)
 - public static final 'ARRAY_INT_BASE_OFFSET' 'I' @136  16 (0x00000010)
 - public static final 'ARRAY_LONG_BASE_OFFSET' 'I' @140  16 (0x00000010)
 - public static final 'ARRAY_FLOAT_BASE_OFFSET' 'I' @144  16 (0x00000010)
 - public static final 'ARRAY_DOUBLE_BASE_OFFSET' 'I' @148  16 (0x00000010)
 - public static final 'ARRAY_OBJECT_BASE_OFFSET' 'I' @152  16 (0x00000010)
 - public static final 'ARRAY_BOOLEAN_INDEX_SCALE' 'I' @156  1 (0x00000001)
 - public static final 'ARRAY_BYTE_INDEX_SCALE' 'I' @160  1 (0x00000001)
 - public static final 'ARRAY_SHORT_INDEX_SCALE' 'I' @164  2 (0x00000002)
 - public static final 'ARRAY_CHAR_INDEX_SCALE' 'I' @168  2 (0x00000002)
 - public static final 'ARRAY_INT_INDEX_SCALE' 'I' @172  4 (0x00000004)
 - public static final 'ARRAY_LONG_INDEX_SCALE' 'I' @176  8 (0x00000008)
 - public static final 'ARRAY_FLOAT_INDEX_SCALE' 'I' @180  4 (0x00000004)
 - public static final 'ARRAY_DOUBLE_INDEX_SCALE' 'I' @184  8 (0x00000008)
 - public static final 'ARRAY_OBJECT_INDEX_SCALE' 'I' @188  4 (0x00000004)
 - public static final 'ADDRESS_SIZE' 'I' @192  8 (0x00000008)
stack at sp + 7 slots: {method} {0x0000014c0f4497b8} 'putLongVolatile' '(Ljava/lang/Object;JJ)V' in 'jdk/internal/misc/Unsafe'

native method entry point (kind = native)  [0x0000014c0753cae0, 0x0000014c0753d708]  3112 bytes
[MachCode]
  0x0000014c0753cae0: 488b 4b08 | 0fb7 492e | 584c 8d74 | ccf8 6800 | 0000 0068 | 0000 0000 | 5055 488b | ec41 5568 
  0x0000014c0753cb00: 0000 0000 | 4c8b 6b08 | 4d8d 6d38 | 5348 8b53 | 0848 8b52 | 0848 8b52 | 1848 8b52 | 7048 8b12 
  0x0000014c0753cb20: 5248 8b53 | 1048 85d2 | 0f84 0700 | 0000 4881 | c208 0100 | 0052 488b | 5308 488b | 5208 488b 
  0x0000014c0753cb40: 5210 5249 | 8bc6 482b | c548 c1e8 | 0350 6800 | 0000 0068 | 0000 0000 | 4889 2424 | 41c6 8779 
  0x0000014c0753cb60: 0400 0001 | 488b 4310 | 4885 c074 | 208b 88cc | 0000 0083 | c102 8988 | cc00 0000 | 2388 e000 
  0x0000014c0753cb80: 0000 0f84 | cb0a 0000 | e9cf 0000 | 0048 8b43 | 1848 85c0 | 0f85 b000 | 0000 e805 | 0000 00e9 
  0x0000014c0753cba0: 9900 0000 | 488b d348 | 8d44 2408 | 4c89 6dc0 | 498b cfc5 | f877 4989 | afa8 0300 | 0049 8987 
  0x0000014c0753cbc0: 9803 0000 | 4883 ec20 | 40f6 c40f | 0f84 1900 | 0000 4883 | ec08 48b8 | f03c cbeb | f97f 0000 
  0x0000014c0753cbe0: ffd0 4883 | c408 e90c | 0000 0048 | b8f0 3ccb | ebf9 7f00 | 00ff d048 | 83c4 2049 | c787 9803 
  0x0000014c0753cc00: 0000 0000 | 0000 49c7 | 87a8 0300 | 0000 0000 | 0049 c787 | a003 0000 | 0000 0000 | c5f8 7749 
  0x0000014c0753cc20: 837f 0800 | 0f84 0500 | 0000 e9d1 | 42ff ff4c | 8b6d c04c | 8b75 c84e | 8d74 f500 | c348 8b43 
  0x0000014c0753cc40: 1848 85c0 | 0f84 1200 | 0000 8b48 | 0883 c102 | 8948 0823 | 481c 0f84 | f709 0000 | 493b a7e8 
  0x0000014c0753cc60: 0400 000f | 8748 0000 | 0089 8424 | 00f0 ffff | 8984 2400 | e0ff ff89 | 8424 00d0 | ffff 8984 
  0x0000014c0753cc80: 2400 c0ff | ff89 8424 | 00b0 ffff | 8984 2400 | a0ff ff89 | 8424 0090 | ffff 8984 | 2400 80ff 
  0x0000014c0753cca0: ff49 3ba7 | e004 0000 | 7607 4989 | a7e8 0400 | 0041 c687 | 7904 0000 | 0049 ba19 | 0550 ecf9 
  0x0000014c0753ccc0: 7f00 0041 | 803a 000f | 843e 0000 | 0048 8b55 | e849 8bcf | 4883 ec20 | 40f6 c40f | 0f84 1900 
  0x0000014c0753cce0: 0000 4883 | ec08 48b8 | 80e8 00ec | f97f 0000 | ffd0 4883 | c408 e90c | 0000 0048 | b880 e800 
  0x0000014c0753cd00: ecf9 7f00 | 00ff d048 | 83c4 2048 | 8b5d e84c | 8b5b 0845 | 0fb7 5b2e | 41c1 e303 | 492b e348 
  0x0000014c0753cd20: 83ec 2048 | 83e4 f04c | 8b5b 604d | 85db 0f85 | ab00 0000 | e805 0000 | 00e9 9900 | 0000 488b 
  0x0000014c0753cd40: d348 8d44 | 2408 4c89 | 6dc0 498b | cfc5 f877 | 4989 afa8 | 0300 0049 | 8987 9803 | 0000 4883 
  0x0000014c0753cd60: ec20 40f6 | c40f 0f84 | 1900 0000 | 4883 ec08 | 48b8 b063 | cbeb f97f | 0000 ffd0 | 4883 c408 
  0x0000014c0753cd80: e90c 0000 | 0048 b8b0 | 63cb ebf9 | 7f00 00ff | d048 83c4 | 2049 c787 | 9803 0000 | 0000 0000 
  0x0000014c0753cda0: 49c7 87a8 | 0300 0000 | 0000 0049 | c787 a003 | 0000 0000 | 0000 c5f8 | 7749 837f | 0800 0f84 
  0x0000014c0753cdc0: 0500 0000 | e937 41ff | ff4c 8b6d | c04c 8b75 | c84e 8d74 | f500 c348 | 8b5d e84c | 8b5b 6041 
  0x0000014c0753cde0: ffd3 488b | 5de8 4889 | 4518 448b | 5b28 41f6 | c308 0f84 | 1b00 0000 | 4c8b 5b08 | 4d8b 5b08 
  0x0000014c0753ce00: 4d8b 5b18 | 4d8b 5b70 | 4d8b 1b4c | 895d 1048 | 8d55 1048 | 8b43 5849 | bab0 3d01 | ecf9 7f00 
  0x0000014c0753ce20: 0049 3bc2 | 0f85 ab00 | 0000 e805 | 0000 00e9 | 9900 0000 | 488b d348 | 8d44 2408 | 4c89 6dc0 
  0x0000014c0753ce40: 498b cfc5 | f877 4989 | afa8 0300 | 0049 8987 | 9803 0000 | 4883 ec20 | 40f6 c40f | 0f84 1900 
  0x0000014c0753ce60: 0000 4883 | ec08 48b8 | b063 cbeb | f97f 0000 | ffd0 4883 | c408 e90c | 0000 0048 | b8b0 63cb 
  0x0000014c0753ce80: ebf9 7f00 | 00ff d048 | 83c4 2049 | c787 9803 | 0000 0000 | 0000 49c7 | 87a8 0300 | 0000 0000 
  0x0000014c0753cea0: 0049 c787 | a003 0000 | 0000 0000 | c5f8 7749 | 837f 0800 | 0f84 0500 | 0000 e941 | 40ff ff4c 
  0x0000014c0753cec0: 8b6d c04c | 8b75 c84e | 8d74 f500 | c348 8b5d | e848 8b43 | 5849 8d8f | b803 0000 | c5f8 7749 
  0x0000014c0753cee0: 89af a803 | 0000 49ba | dcce 5307 | 4c01 0000 | 4d89 97a0 | 0300 0049 | 89a7 9803 | 0000 41c7 
  0x0000014c0753cf00: 874c 0400 | 0004 0000 | 00ff d0c5 | f877 4883 | ec10 c5fb | 1104 2448 | 83ec 1048 | 8904 2448 
  0x0000014c0753cf20: c744 2408 | 0000 0000 | 41c7 874c | 0400 0005 | 0000 00f0 | 8344 24c0 | 0049 3baf | 5004 0000 
  0x0000014c0753cf40: 0f87 0e00 | 0000 4183 | bf48 0400 | 0000 0f84 | 2000 0000 | 498b cf4c | 8be4 4883 | ec20 4883 
  0x0000014c0753cf60: e4f0 48b8 | 70bc cceb | f97f 0000 | ffd0 498b | e44d 33e4 | 41c7 874c | 0400 0008 | 0000 0049 
  0x0000014c0753cf80: c787 9803 | 0000 0000 | 0000 49c7 | 87a8 0300 | 0000 0000 | 0049 c787 | a003 0000 | 0000 0000 
  0x0000014c0753cfa0: c5f8 774d | 8b9f 2804 | 0000 41c7 | 8300 0100 | 0000 0000 | 0049 bb9a | a353 074c | 0100 004c 
  0x0000014c0753cfc0: 3b5d 180f | 8524 0300 | 0048 8b04 | 2448 83c4 | 1048 85c0 | 0f84 fe02 | 0000 a803 | 0f85 0800 
  0x0000014c0753cfe0: 0000 488b | 00e9 ee02 | 0000 a801 | 0f85 0900 | 0000 488b | 40fe e9dd | 0200 0048 | 8b40 ff41 
  0x0000014c0753d000: 807f 4000 | 0f84 ce02 | 0000 4883 | f800 0f84 | c402 0000 | 4d8b 5f28 | 4983 fb00 | 0f84 1400 
  0x0000014c0753d020: 0000 4983 | eb08 4d89 | 5f28 4d03 | 5f38 4989 | 03e9 a202 | 0000 4881 | ec50 0100 | 0048 8904 
  0x0000014c0753d040: 2448 894c | 2408 4889 | 5424 1048 | 8974 2418 | 4889 7c24 | 204c 8944 | 2428 4c89 | 4c24 304c 
  0x0000014c0753d060: 8954 2438 | 4c89 5c24 | 40c5 fb11 | 4424 50c5 | fb11 4c24 | 58c5 fb11 | 5424 60c5 | fb11 5c24 
  0x0000014c0753d080: 68c5 fb11 | 6424 70c5 | fb11 6c24 | 78c5 fb11 | b424 8000 | 0000 c5fb | 11bc 2488 | 0000 00c5 
  0x0000014c0753d0a0: 7b11 8424 | 9000 0000 | c57b 118c | 2498 0000 | 00c5 7b11 | 9424 a000 | 0000 c57b | 119c 24a8 
  0x0000014c0753d0c0: 0000 00c5 | 7b11 a424 | b000 0000 | c57b 11ac | 24b8 0000 | 00c5 7b11 | b424 c000 | 0000 c57b 
  0x0000014c0753d0e0: 11bc 24c8 | 0000 0062 | e1ff 0811 | 4424 1a62 | e1ff 0811 | 4c24 1b62 | e1ff 0811 | 5424 1c62 
  0x0000014c0753d100: e1ff 0811 | 5c24 1d62 | e1ff 0811 | 6424 1e62 | e1ff 0811 | 6c24 1f62 | e1ff 0811 | 7424 2062 
  0x0000014c0753d120: e1ff 0811 | 7c24 2162 | 61ff 0811 | 4424 2262 | 61ff 0811 | 4c24 2362 | 61ff 0811 | 5424 2462 
  0x0000014c0753d140: 61ff 0811 | 5c24 2562 | 61ff 0811 | 6424 2662 | 61ff 0811 | 6c24 2762 | 61ff 0811 | 7424 2862 
  0x0000014c0753d160: 61ff 0811 | 7c24 2949 | 8bd7 488b | c848 83ec | 2040 f6c4 | 0f0f 8419 | 0000 0048 | 83ec 0848 
  0x0000014c0753d180: b880 20c0 | ebf9 7f00 | 00ff d048 | 83c4 08e9 | 0c00 0000 | 48b8 8020 | c0eb f97f | 0000 ffd0 
  0x0000014c0753d1a0: 4883 c420 | 6261 ff08 | 107c 2429 | 6261 ff08 | 1074 2428 | 6261 ff08 | 106c 2427 | 6261 ff08 
  0x0000014c0753d1c0: 1064 2426 | 6261 ff08 | 105c 2425 | 6261 ff08 | 1054 2424 | 6261 ff08 | 104c 2423 | 6261 ff08 
  0x0000014c0753d1e0: 1044 2422 | 62e1 ff08 | 107c 2421 | 62e1 ff08 | 1074 2420 | 62e1 ff08 | 106c 241f | 62e1 ff08 
  0x0000014c0753d200: 1064 241e | 62e1 ff08 | 105c 241d | 62e1 ff08 | 1054 241c | 62e1 ff08 | 104c 241b | 62e1 ff08 
  0x0000014c0753d220: 1044 241a | c57b 10bc | 24c8 0000 | 00c5 7b10 | b424 c000 | 0000 c57b | 10ac 24b8 | 0000 00c5 
  0x0000014c0753d240: 7b10 a424 | b000 0000 | c57b 109c | 24a8 0000 | 00c5 7b10 | 9424 a000 | 0000 c57b | 108c 2498 
  0x0000014c0753d260: 0000 00c5 | 7b10 8424 | 9000 0000 | c5fb 10bc | 2488 0000 | 00c5 fb10 | b424 8000 | 0000 c5fb 
  0x0000014c0753d280: 106c 2478 | c5fb 1064 | 2470 c5fb | 105c 2468 | c5fb 1054 | 2460 c5fb | 104c 2458 | c5fb 1044 
  0x0000014c0753d2a0: 2450 4c8b | 5c24 404c | 8b54 2438 | 4c8b 4c24 | 304c 8b44 | 2428 488b | 7c24 2048 | 8b74 2418 
  0x0000014c0753d2c0: 488b 5424 | 1048 8b4c | 2408 488b | 0424 4881 | c450 0100 | 00c5 f877 | 4889 4510 | 4883 ec10 
  0x0000014c0753d2e0: 4889 0424 | 48c7 4424 | 0800 0000 | 0041 83bf | c804 0000 | 020f 85bf | 0000 0048 | 81ec 8000 
  0x0000014c0753d300: 0000 4889 | 4424 7848 | 894c 2470 | 4889 5424 | 6848 895c | 2460 4889 | 6c24 5048 | 8974 2448 
  0x0000014c0753d320: 4889 7c24 | 404c 8944 | 2438 4c89 | 4c24 304c | 8954 2428 | 4c89 5c24 | 204c 8964 | 2418 4c89 
  0x0000014c0753d340: 6c24 104c | 8974 2408 | 4c89 3c24 | 4c8b e448 | 83ec 2048 | 83e4 f048 | b8b0 2001 | ecf9 7f00 
  0x0000014c0753d360: 00ff d049 | 8be4 4c8b | 3c24 4c8b | 7424 084c | 8b6c 2410 | 4c8b 6424 | 184c 8b5c | 2420 4c8b 
  0x0000014c0753d380: 5424 284c | 8b4c 2430 | 4c8b 4424 | 3848 8b7c | 2440 488b | 7424 4848 | 8b6c 2450 | 488b 5c24 
  0x0000014c0753d3a0: 6048 8b54 | 2468 488b | 4c24 7048 | 8b44 2478 | 4881 c480 | 0000 004d | 33e4 488b | 5de8 4c8b 
  0x0000014c0753d3c0: 6b08 4d8d | 6d38 4983 | 7f08 000f | 84bb 0000 | 00e8 0500 | 0000 e996 | 0000 0048 | 8d44 2408 
  0x0000014c0753d3e0: 4c89 6dc0 | 498b cfc5 | f877 4989 | afa8 0300 | 0049 8987 | 9803 0000 | 4883 ec20 | 40f6 c40f 
  0x0000014c0753d400: 0f84 1900 | 0000 4883 | ec08 48b8 | 4081 cbeb | f97f 0000 | ffd0 4883 | c408 e90c | 0000 0048 
  0x0000014c0753d420: b840 81cb | ebf9 7f00 | 00ff d048 | 83c4 2049 | c787 9803 | 0000 0000 | 0000 49c7 | 87a8 0300 
  0x0000014c0753d440: 0000 0000 | 0049 c787 | a003 0000 | 0000 0000 | c5f8 7749 | 837f 0800 | 0f84 0500 | 0000 e99d 
  0x0000014c0753d460: 3aff ff4c | 8b6d c04c | 8b75 c84e | 8d74 f500 | c348 b9d0 | 1728 ecf9 | 7f00 0048 | 83e4 f048 
  0x0000014c0753d480: b8e0 0cf0 | ebf9 7f00 | 00ff d0f4 | 448b 5b28 | 41f6 c320 | 0f84 4401 | 0000 488d | 55a8 4c8b 
  0x0000014c0753d4a0: 5a08 4d85 | db0f 85bb | 0000 00e8 | 0500 0000 | e996 0000 | 0048 8d44 | 2408 4c89 | 6dc0 498b 
  0x0000014c0753d4c0: cfc5 f877 | 4989 afa8 | 0300 0049 | 8987 9803 | 0000 4883 | ec20 40f6 | c40f 0f84 | 1900 0000 
  0x0000014c0753d4e0: 4883 ec08 | 48b8 7080 | cbeb f97f | 0000 ffd0 | 4883 c408 | e90c 0000 | 0048 b870 | 80cb ebf9 
  0x0000014c0753d500: 7f00 00ff | d048 83c4 | 2049 c787 | 9803 0000 | 0000 0000 | 49c7 87a8 | 0300 0000 | 0000 0049 
  0x0000014c0753d520: c787 a003 | 0000 0000 | 0000 c5f8 | 7749 837f | 0800 0f84 | 0500 0000 | e9c3 39ff | ff4c 8b6d 
  0x0000014c0753d540: c04c 8b75 | c84e 8d74 | f500 c348 | b9d0 1728 | ecf9 7f00 | 0048 83e4 | f048 b8e0 | 0cf0 ebf9 
  0x0000014c0753d560: 7f00 00ff | d0f4 4c89 | 6dc0 488d | 024c 8b4a | 0848 c742 | 0800 0000 | 004c 8b00 | 4d85 c00f 
  0x0000014c0753d580: 840b 0000 | 00f0 4d0f | b101 0f85 | 0c00 0000 | 49ff 8f50 | 0500 00e9 | 3e00 0000 | 4c89 4a08 
  0x0000014c0753d5a0: 488b ca48 | 83ec 2040 | f6c4 0f0f | 8419 0000 | 0048 83ec | 0848 b8a0 | 53cb ebf9 | 7f00 00ff 
  0x0000014c0753d5c0: d048 83c4 | 08e9 0c00 | 0000 48b8 | a053 cbeb | f97f 0000 | ffd0 4883 | c420 4c8b | 6dc0 49ba 
  0x0000014c0753d5e0: 1905 50ec | f97f 0000 | 4180 3a00 | 0f84 3e00 | 0000 488b | 55e8 498b | cf48 83ec | 2040 f6c4 
  0x0000014c0753d600: 0f0f 8419 | 0000 0048 | 83ec 0848 | b880 e800 | ecf9 7f00 | 00ff d048 | 83c4 08e9 | 0c00 0000 
  0x0000014c0753d620: 48b8 80e8 | 00ec f97f | 0000 ffd0 | 4883 c420 | 488b 0424 | 4883 c410 | c5fb 1004 | 2448 83c4 
  0x0000014c0753d640: 104c 8b5d | 1841 ffd3 | 4c8b 5df8 | c95f 498b | e3ff e7ba | 0000 0000 | e805 0000 | 00e9 9600 
  0x0000014c0753d660: 0000 488d | 4424 084c | 896d c049 | 8bcf c5f8 | 7749 89af | a803 0000 | 4989 8798 | 0308 0048 
  0x0000014c0753d680: 83ec 2040 | f6c4 0f0f | 8419 0000 | 0048 83ec | 0848 b870 | 47cb ebf9 | 7f00 00ff | d048 83c4 
  0x0000014c0753d6a0: 08e9 0c00 | 0000 48b8 | 7047 cbeb | f97f 0000 | ffd0 4883 | c420 49c7 | 8798 0300 | 0000 0000 
  0x0000014c0753d6c0: 0049 c787 | a803 0000 | 0000 0000 | 49c7 87a0 | 0300 0000 | 0000 00c5 | f877 4983 | 7f08 000f 
  0x0000014c0753d6e0: 8405 0000 | 00e9 1638 | ffff 4c8b | 6dc0 4c8b | 75c8 4e8d | 74f5 00c3 | 488b 5de8 | e95b f5ff 
  0x0000014c0753d700: ff0f 1f80 | 0000 0000 
[/MachCode]

---------------  P R O C E S S  ---------------

Threads class SMR info:
_java_thread_list=0x0000014c7ea64790, length=29, elements={
0x0000014c7d3e0340, 0x0000014c7d3e1150, 0x0000014c7d3e35c0, 0x0000014c7d3e4b90,
0x0000014c7d3eb480, 0x0000014c7d3ed4f0, 0x0000014c7d3fbf30, 0x0000014c7d3fefa0,
0x0000014c7d60bdd0, 0x0000014c7d9907d0, 0x0000014c7d814cd0, 0x0000014c54bb39d0,
0x0000014c553aef10, 0x0000014c7f0547b0, 0x0000014c554e2980, 0x0000014c54380b70,
0x0000014c543804e0, 0x0000014c54381890, 0x0000014c5437e410, 0x0000014c5437f130,
0x0000014c5437fe50, 0x0000014c5437f7c0, 0x0000014c57f34c40, 0x0000014c57f352d0,
0x0000014c57f30aa0, 0x0000014c57f35ff0, 0x0000014c57f31e50, 0x0000014c57f33f20,
0x0000014c57f35960
}

Java Threads: ( => current thread )
  0x0000014c7d3e0340 JavaThread "Reference Handler"          daemon [_thread_blocked, id=17252, stack(0x0000000d9d600000,0x0000000d9d700000) (1024K)]
  0x0000014c7d3e1150 JavaThread "Finalizer"                  daemon [_thread_blocked, id=27268, stack(0x0000000d9d700000,0x0000000d9d800000) (1024K)]
  0x0000014c7d3e35c0 JavaThread "Signal Dispatcher"          daemon [_thread_blocked, id=19396, stack(0x0000000d9d800000,0x0000000d9d900000) (1024K)]
  0x0000014c7d3e4b90 JavaThread "Attach Listener"            daemon [_thread_blocked, id=19452, stack(0x0000000d9d900000,0x0000000d9da00000) (1024K)]
  0x0000014c7d3eb480 JavaThread "Service Thread"             daemon [_thread_blocked, id=15632, stack(0x0000000d9da00000,0x0000000d9db00000) (1024K)]
  0x0000014c7d3ed4f0 JavaThread "Monitor Deflation Thread"   daemon [_thread_blocked, id=6600, stack(0x0000000d9db00000,0x0000000d9dc00000) (1024K)]
  0x0000014c7d3fbf30 JavaThread "C2 CompilerThread0"         daemon [_thread_in_native, id=3364, stack(0x0000000d9dc00000,0x0000000d9dd00000) (1024K)]
  0x0000014c7d3fefa0 JavaThread "C1 CompilerThread0"         daemon [_thread_blocked, id=26000, stack(0x0000000d9dd00000,0x0000000d9de00000) (1024K)]
  0x0000014c7d60bdd0 JavaThread "Common-Cleaner"             daemon [_thread_blocked, id=14856, stack(0x0000000d9de00000,0x0000000d9df00000) (1024K)]
  0x0000014c7d9907d0 JavaThread "Monitor Ctrl-Break"         daemon [_thread_in_native, id=9912, stack(0x0000000d9e000000,0x0000000d9e100000) (1024K)]
  0x0000014c7d814cd0 JavaThread "Notification Thread"        daemon [_thread_blocked, id=24672, stack(0x0000000d9e100000,0x0000000d9e200000) (1024K)]
  0x0000014c54bb39d0 JavaThread "Catalina-utility-1"                [_thread_blocked, id=27252, stack(0x0000000d9eb00000,0x0000000d9ec00000) (1024K)]
  0x0000014c553aef10 JavaThread "Catalina-utility-2"                [_thread_blocked, id=2156, stack(0x0000000d9ec00000,0x0000000d9ed00000) (1024K)]
  0x0000014c7f0547b0 JavaThread "container-0"                       [_thread_blocked, id=22100, stack(0x0000000d9ed00000,0x0000000d9ee00000) (1024K)]
  0x0000014c554e2980 JavaThread "mysql-cj-abandoned-connection-cleanup" daemon [_thread_blocked, id=9960, stack(0x0000000d9ee00000,0x0000000d9ef00000) (1024K)]
  0x0000014c54380b70 JavaThread "HikariPool-1 housekeeper"   daemon [_thread_blocked, id=20332, stack(0x0000000d9f000000,0x0000000d9f100000) (1024K)]
=>0x0000014c543804e0 JavaThread "http-nio-8080-exec-1"       daemon [_thread_in_Java, id=14184, stack(0x0000000d9f200000,0x0000000d9f300000) (1024K)]
  0x0000014c54381890 JavaThread "http-nio-8080-exec-2"       daemon [_thread_blocked, id=26920, stack(0x0000000d9f300000,0x0000000d9f400000) (1024K)]
  0x0000014c5437e410 JavaThread "http-nio-8080-exec-3"       daemon [_thread_blocked, id=10252, stack(0x0000000d9f400000,0x0000000d9f500000) (1024K)]
  0x0000014c5437f130 JavaThread "http-nio-8080-exec-4"       daemon [_thread_blocked, id=21112, stack(0x0000000d9f500000,0x0000000d9f600000) (1024K)]
  0x0000014c5437fe50 JavaThread "http-nio-8080-exec-5"       daemon [_thread_blocked, id=10300, stack(0x0000000d9f600000,0x0000000d9f700000) (1024K)]
  0x0000014c5437f7c0 JavaThread "http-nio-8080-exec-6"       daemon [_thread_blocked, id=2380, stack(0x0000000d9f700000,0x0000000d9f800000) (1024K)]
  0x0000014c57f34c40 JavaThread "http-nio-8080-exec-7"       daemon [_thread_blocked, id=10184, stack(0x0000000d9f800000,0x0000000d9f900000) (1024K)]
  0x0000014c57f352d0 JavaThread "http-nio-8080-exec-8"       daemon [_thread_blocked, id=20508, stack(0x0000000d9f900000,0x0000000d9fa00000) (1024K)]
  0x0000014c57f30aa0 JavaThread "http-nio-8080-exec-9"       daemon [_thread_blocked, id=2392, stack(0x0000000d9fa00000,0x0000000d9fb00000) (1024K)]
  0x0000014c57f35ff0 JavaThread "http-nio-8080-exec-10"      daemon [_thread_blocked, id=10124, stack(0x0000000d9fb00000,0x0000000d9fc00000) (1024K)]
  0x0000014c57f31e50 JavaThread "http-nio-8080-Poller"       daemon [_thread_in_native, id=17340, stack(0x0000000d9fc00000,0x0000000d9fd00000) (1024K)]
  0x0000014c57f33f20 JavaThread "http-nio-8080-Acceptor"     daemon [_thread_in_native, id=24824, stack(0x0000000d9fd00000,0x0000000d9fe00000) (1024K)]
  0x0000014c57f35960 JavaThread "DestroyJavaVM"                     [_thread_blocked, id=25284, stack(0x0000000d9ce00000,0x0000000d9cf00000) (1024K)]
Total: 29

Other Threads:
  0x0000014c7d3c2310 VMThread "VM Thread"                           [id=15784, stack(0x0000000d9d500000,0x0000000d9d600000) (1024K)]
  0x0000014c7d3aac50 WatcherThread "VM Periodic Task Thread"        [id=13680, stack(0x0000000d9d400000,0x0000000d9d500000) (1024K)]
  0x0000014c6d3d5450 WorkerThread "GC Thread#0"                     [id=20500, stack(0x0000000d9cf00000,0x0000000d9d000000) (1024K)]
  0x0000014c7e3437c0 WorkerThread "GC Thread#1"                     [id=26796, stack(0x0000000d9e200000,0x0000000d9e300000) (1024K)]
  0x0000014c7e2c9db0 WorkerThread "GC Thread#2"                     [id=26960, stack(0x0000000d9e300000,0x0000000d9e400000) (1024K)]
  0x0000014c7e2ca150 WorkerThread "GC Thread#3"                     [id=9316, stack(0x0000000d9e400000,0x0000000d9e500000) (1024K)]
  0x0000014c7e2ca4f0 WorkerThread "GC Thread#4"                     [id=12384, stack(0x0000000d9e500000,0x0000000d9e600000) (1024K)]
  0x0000014c7e2db420 WorkerThread "GC Thread#5"                     [id=22748, stack(0x0000000d9e600000,0x0000000d9e700000) (1024K)]
  0x0000014c7e551450 WorkerThread "GC Thread#6"                     [id=11576, stack(0x0000000d9e800000,0x0000000d9e900000) (1024K)]
  0x0000014c7e868400 WorkerThread "GC Thread#7"                     [id=26388, stack(0x0000000d9e900000,0x0000000d9ea00000) (1024K)]
  0x0000014c6d3e6280 ConcurrentGCThread "G1 Main Marker"            [id=7396, stack(0x0000000d9d000000,0x0000000d9d100000) (1024K)]
  0x0000014c6d3e7520 WorkerThread "G1 Conc#0"                       [id=23784, stack(0x0000000d9d100000,0x0000000d9d200000) (1024K)]
  0x0000014c7e9e0590 WorkerThread "G1 Conc#1"                       [id=22948, stack(0x0000000d9ea00000,0x0000000d9eb00000) (1024K)]
  0x0000014c7d27c1a0 ConcurrentGCThread "G1 Refine#0"               [id=16144, stack(0x0000000d9d200000,0x0000000d9d300000) (1024K)]
  0x0000014c7d27eae0 ConcurrentGCThread "G1 Service"                [id=8532, stack(0x0000000d9d300000,0x0000000d9d400000) (1024K)]
Total: 15

Threads with active compile tasks:
C2 CompilerThread0    22017 5590 %     4       java.util.Properties$LineReader::readLine @ 293 (584 bytes)
Total: 1

VM state: not at safepoint (normal execution)

VM Mutex/Monitor currently owned by a thread: None

Heap address: 0x0000000704200000, size: 4030 MB, Compressed Oops mode: Zero based, Oop shift amount: 3

CDS archive(s) mapped at: [0x0000014c0f000000-0x0000014c0fc90000-0x0000014c0fc90000), size 13172736, SharedBaseAddress: 0x0000014c0f000000, ArchiveRelocationMode: 1.
Compressed class space mapped at: 0x0000014c10000000-0x0000014c50000000, reserved size: 1073741824
Narrow klass base: 0x0000014c0f000000, Narrow klass shift: 0, Narrow klass range: 0x100000000

GC Precious Log:
 CardTable entry size: 512
 Card Set container configuration: InlinePtr #cards 4 size 8 Array Of Cards #cards 16 size 48 Howl #buckets 8 coarsen threshold 3686 Howl Bitmap #cards 512 size 80 coarsen threshold 460 Card regions per heap region 1 cards per card region 4096
 CPUs: 8 total, 8 available
 Memory: 16118M
 Large Page Support: Disabled
 NUMA Support: Disabled
 Compressed Oops: Enabled (Zero based)
 Heap Region Size: 2M
 Heap Min Capacity: 8M
 Heap Initial Capacity: 252M
 Heap Max Capacity: 4030M
 Pre-touch: Disabled
 Parallel Workers: 8
 Concurrent Workers: 2
 Concurrent Refinement Workers: 8
 Periodic GC: Disabled

Heap:
 garbage-first heap   total 102400K, used 53666K [0x0000000704200000, 0x0000000800000000)
  region size 2048K, 18 young (36864K), 4 survivors (8192K)
 Metaspace       used 64103K, committed 64768K, reserved 1114112K
  class space    used 8577K, committed 8896K, reserved 1048576K

Heap Regions: E=young(eden), S=young(survivor), O=old, HS=humongous(starts), HC=humongous(continues), CS=collection set, F=free, TAMS=top-at-mark-start, PB=parsable bottom
|   0|0x0000000704200000, 0x0000000704400000, 0x0000000704400000|100%| O|  |TAMS 0x0000000704200000| PB 0x0000000704200000| Untracked 
|   1|0x0000000704400000, 0x0000000704600000, 0x0000000704600000|100%| O|  |TAMS 0x0000000704400000| PB 0x0000000704400000| Untracked 
|   2|0x0000000704600000, 0x0000000704800000, 0x0000000704800000|100%| O|  |TAMS 0x0000000704600000| PB 0x0000000704600000| Untracked 
|   3|0x0000000704800000, 0x0000000704a00000, 0x0000000704a00000|100%| O|  |TAMS 0x0000000704800000| PB 0x0000000704800000| Untracked 
|   4|0x0000000704a00000, 0x0000000704c00000, 0x0000000704c00000|100%| O|  |TAMS 0x0000000704a00000| PB 0x0000000704a00000| Untracked 
|   5|0x0000000704c00000, 0x0000000704e00000, 0x0000000704e00000|100%| O|  |TAMS 0x0000000704c00000| PB 0x0000000704c00000| Untracked 
|   6|0x0000000704e00000, 0x0000000705000000, 0x0000000705000000|100%| O|  |TAMS 0x0000000704e00000| PB 0x0000000704e00000| Untracked 
|   7|0x0000000705000000, 0x0000000705000000, 0x0000000705200000|  0%| F|  |TAMS 0x0000000705000000| PB 0x0000000705000000| Untracked 
|   8|0x0000000705200000, 0x0000000705400000, 0x0000000705400000|100%| O|  |TAMS 0x0000000705200000| PB 0x0000000705200000| Untracked 
|   9|0x0000000705400000, 0x0000000705600000, 0x0000000705600000|100%| O|  |TAMS 0x0000000705400000| PB 0x0000000705400000| Untracked 
|  10|0x0000000705600000, 0x000000070575e0d8, 0x0000000705800000| 68%| O|Cm|TAMS 0x0000000705600000| PB 0x0000000705600000| Complete 
|  11|0x0000000705800000, 0x0000000705800000, 0x0000000705a00000|  0%| F|  |TAMS 0x0000000705800000| PB 0x0000000705800000| Untracked 
|  12|0x0000000705a00000, 0x0000000705a00000, 0x0000000705c00000|  0%| F|  |TAMS 0x0000000705a00000| PB 0x0000000705a00000| Untracked 
|  13|0x0000000705c00000, 0x0000000705c00000, 0x0000000705e00000|  0%| F|  |TAMS 0x0000000705c00000| PB 0x0000000705c00000| Untracked 
|  14|0x0000000705e00000, 0x0000000705e00000, 0x0000000706000000|  0%| F|  |TAMS 0x0000000705e00000| PB 0x0000000705e00000| Untracked 
|  15|0x0000000706000000, 0x0000000706000000, 0x0000000706200000|  0%| F|  |TAMS 0x0000000706000000| PB 0x0000000706000000| Untracked 
|  16|0x0000000706200000, 0x0000000706200000, 0x0000000706400000|  0%| F|  |TAMS 0x0000000706200000| PB 0x0000000706200000| Untracked 
|  17|0x0000000706400000, 0x0000000706400000, 0x0000000706600000|  0%| F|  |TAMS 0x0000000706400000| PB 0x0000000706400000| Untracked 
|  18|0x0000000706600000, 0x0000000706600000, 0x0000000706800000|  0%| F|  |TAMS 0x0000000706600000| PB 0x0000000706600000| Untracked 
|  19|0x0000000706800000, 0x0000000706800000, 0x0000000706a00000|  0%| F|  |TAMS 0x0000000706800000| PB 0x0000000706800000| Untracked 
|  20|0x0000000706a00000, 0x0000000706a00000, 0x0000000706c00000|  0%| F|  |TAMS 0x0000000706a00000| PB 0x0000000706a00000| Untracked 
|  21|0x0000000706c00000, 0x0000000706c00000, 0x0000000706e00000|  0%| F|  |TAMS 0x0000000706c00000| PB 0x0000000706c00000| Untracked 
|  22|0x0000000706e00000, 0x0000000706e00000, 0x0000000707000000|  0%| F|  |TAMS 0x0000000706e00000| PB 0x0000000706e00000| Untracked 
|  23|0x0000000707000000, 0x0000000707000000, 0x0000000707200000|  0%| F|  |TAMS 0x0000000707000000| PB 0x0000000707000000| Untracked 
|  24|0x0000000707200000, 0x0000000707200000, 0x0000000707400000|  0%| F|  |TAMS 0x0000000707200000| PB 0x0000000707200000| Untracked 
|  25|0x0000000707400000, 0x0000000707400000, 0x0000000707600000|  0%| F|  |TAMS 0x0000000707400000| PB 0x0000000707400000| Untracked 
|  26|0x0000000707600000, 0x0000000707600000, 0x0000000707800000|  0%| F|  |TAMS 0x0000000707600000| PB 0x0000000707600000| Untracked 
|  27|0x0000000707800000, 0x0000000707800000, 0x0000000707a00000|  0%| F|  |TAMS 0x0000000707800000| PB 0x0000000707800000| Untracked 
|  28|0x0000000707a00000, 0x0000000707a00000, 0x0000000707c00000|  0%| F|  |TAMS 0x0000000707a00000| PB 0x0000000707a00000| Untracked 
|  29|0x0000000707c00000, 0x0000000707c00000, 0x0000000707e00000|  0%| F|  |TAMS 0x0000000707c00000| PB 0x0000000707c00000| Untracked 
|  30|0x0000000707e00000, 0x0000000707e00000, 0x0000000708000000|  0%| F|  |TAMS 0x0000000707e00000| PB 0x0000000707e00000| Untracked 
|  31|0x0000000708000000, 0x0000000708000000, 0x0000000708200000|  0%| F|  |TAMS 0x0000000708000000| PB 0x0000000708000000| Untracked 
|  32|0x0000000708200000, 0x0000000708285a30, 0x0000000708400000| 26%| E|  |TAMS 0x0000000708200000| PB 0x0000000708200000| Complete 
|  33|0x0000000708400000, 0x0000000708600000, 0x0000000708600000|100%| E|CS|TAMS 0x0000000708400000| PB 0x0000000708400000| Complete 
|  34|0x0000000708600000, 0x0000000708800000, 0x0000000708800000|100%| E|CS|TAMS 0x0000000708600000| PB 0x0000000708600000| Complete 
|  35|0x0000000708800000, 0x0000000708a00000, 0x0000000708a00000|100%| E|CS|TAMS 0x0000000708800000| PB 0x0000000708800000| Complete 
|  36|0x0000000708a00000, 0x0000000708c00000, 0x0000000708c00000|100%| E|CS|TAMS 0x0000000708a00000| PB 0x0000000708a00000| Complete 
|  37|0x0000000708c00000, 0x0000000708e00000, 0x0000000708e00000|100%| E|CS|TAMS 0x0000000708c00000| PB 0x0000000708c00000| Complete 
|  38|0x0000000708e00000, 0x0000000709000000, 0x0000000709000000|100%| E|CS|TAMS 0x0000000708e00000| PB 0x0000000708e00000| Complete 
|  39|0x0000000709000000, 0x0000000709200000, 0x0000000709200000|100%| E|CS|TAMS 0x0000000709000000| PB 0x0000000709000000| Complete 
|  40|0x0000000709200000, 0x0000000709400000, 0x0000000709400000|100%| E|CS|TAMS 0x0000000709200000| PB 0x0000000709200000| Complete 
|  41|0x0000000709400000, 0x0000000709600000, 0x0000000709600000|100%| E|CS|TAMS 0x0000000709400000| PB 0x0000000709400000| Complete 
|  42|0x0000000709600000, 0x0000000709800000, 0x0000000709800000|100%| E|CS|TAMS 0x0000000709600000| PB 0x0000000709600000| Complete 
|  43|0x0000000709800000, 0x0000000709a00000, 0x0000000709a00000|100%| E|CS|TAMS 0x0000000709800000| PB 0x0000000709800000| Complete 
|  44|0x0000000709a00000, 0x0000000709c00000, 0x0000000709c00000|100%| E|CS|TAMS 0x0000000709a00000| PB 0x0000000709a00000| Complete 
|  72|0x000000070d200000, 0x000000070d30aad8, 0x000000070d400000| 52%| S|CS|TAMS 0x000000070d200000| PB 0x000000070d200000| Complete 
|  96|0x0000000710200000, 0x0000000710400000, 0x0000000710400000|100%| S|CS|TAMS 0x0000000710200000| PB 0x0000000710200000| Complete 
|  97|0x0000000710400000, 0x0000000710600000, 0x0000000710600000|100%| S|CS|TAMS 0x0000000710400000| PB 0x0000000710400000| Complete 
|  98|0x0000000710600000, 0x0000000710800000, 0x0000000710800000|100%| S|CS|TAMS 0x0000000710600000| PB 0x0000000710600000| Complete 
| 125|0x0000000713c00000, 0x0000000713e00000, 0x0000000713e00000|100%| E|CS|TAMS 0x0000000713c00000| PB 0x0000000713c00000| Complete 

Card table byte_map: [0x0000014c762c0000,0x0000014c76aa0000] _byte_map_base: 0x0000014c72a9f000

Marking Bits: (CMBitMap*) 0x0000014c6d3d5b50
 Bits: [0x0000014c76aa0000, 0x0000014c7a998000)

Polling page: 0x0000014c6b2f0000

Metaspace:

Usage:
  Non-class:     54.22 MB used.
      Class:      8.38 MB used.
       Both:     62.60 MB used.

Virtual space:
  Non-class space:       64.00 MB reserved,      54.56 MB ( 85%) committed,  1 nodes.
      Class space:        1.00 GB reserved,       8.69 MB ( <1%) committed,  1 nodes.
             Both:        1.06 GB reserved,      63.25 MB (  6%) committed. 

Chunk freelists:
   Non-Class:  9.19 MB
       Class:  7.22 MB
        Both:  16.41 MB

MaxMetaspaceSize: unlimited
CompressedClassSpaceSize: 1.00 GB
Initial GC threshold: 21.00 MB
Current GC threshold: 100.12 MB
CDS: on
 - commit_granule_bytes: 65536.
 - commit_granule_words: 8192.
 - virtual_space_node_default_size: 8388608.
 - enlarge_chunks_in_place: 1.
 - use_allocation_guard: 0.


Internal statistics:

num_allocs_failed_limit: 15.
num_arena_births: 968.
num_arena_deaths: 0.
num_vsnodes_births: 2.
num_vsnodes_deaths: 0.
num_space_committed: 1012.
num_space_uncommitted: 0.
num_chunks_returned_to_freelist: 15.
num_chunks_taken_from_freelist: 3229.
num_chunk_merges: 9.
num_chunk_splits: 2286.
num_chunks_enlarged: 1733.
num_inconsistent_stats: 0.

CodeHeap 'non-profiled nmethods': size=120000Kb used=3636Kb max_used=3636Kb free=116363Kb
 bounds [0x0000014c07ad0000, 0x0000014c07e70000, 0x0000014c0f000000]
CodeHeap 'profiled nmethods': size=120000Kb used=9474Kb max_used=9827Kb free=110525Kb
 bounds [0x0000014c00000000, 0x0000014c009a0000, 0x0000014c07530000]
CodeHeap 'non-nmethods': size=5760Kb used=1908Kb max_used=1958Kb free=3851Kb
 bounds [0x0000014c07530000, 0x0000014c077a0000, 0x0000014c07ad0000]
 total_blobs=5590 nmethods=4866 adapters=627
 compilation: enabled
              stopped_count=0, restarted_count=0
 full_count=0

Compilation events (20 events):
Event: 21.902 Thread 0x0000014c7d3fbf30 nmethod 5580 0x0000014c07bc4c10 code [0x0000014c07bc4dc0, 0x0000014c07bc5200]
Event: 21.902 Thread 0x0000014c7d3fbf30 5581       4       jdk.internal.org.objectweb.asm.ClassWriter::toByteArray (1517 bytes)
Event: 21.903 Thread 0x0000014c7d3fefa0 5586       3       java.nio.HeapByteBuffer::put (17 bytes)
Event: 21.903 Thread 0x0000014c7d3fefa0 nmethod 5586 0x0000014c006c6410 code [0x0000014c006c65c0, 0x0000014c006c6828]
Event: 21.903 Thread 0x0000014c7d3fefa0 5587   !   3       org.apache.tomcat.util.http.parser.HttpParser::isControl (9 bytes)
Event: 21.903 Thread 0x0000014c7d3fefa0 nmethod 5587 0x0000014c00177410 code [0x0000014c001775c0, 0x0000014c00177730]
Event: 21.927 Thread 0x0000014c7d3fefa0 5589       1       org.apache.tomcat.util.http.MimeHeaderField::getName (5 bytes)
Event: 21.927 Thread 0x0000014c7d3fefa0 nmethod 5589 0x0000014c07bc4910 code [0x0000014c07bc4aa0, 0x0000014c07bc4b70]
Event: 21.937 Thread 0x0000014c7d3fefa0 5591       3       java.util.concurrent.ConcurrentHashMap::entrySet (25 bytes)
Event: 21.937 Thread 0x0000014c7d3fefa0 nmethod 5591 0x0000014c001b1e10 code [0x0000014c001b1fe0, 0x0000014c001b2398]
Event: 21.937 Thread 0x0000014c7d3fefa0 5592       3       java.util.concurrent.ConcurrentHashMap$EntrySetView::iterator (34 bytes)
Event: 21.937 Thread 0x0000014c7d3fefa0 nmethod 5592 0x0000014c001fac10 code [0x0000014c001fadc0, 0x0000014c001fb000]
Event: 21.940 Thread 0x0000014c7d3fefa0 5593       3       java.lang.invoke.BoundMethodHandle$Species_L::copyWith (14 bytes)
Event: 21.941 Thread 0x0000014c7d3fefa0 nmethod 5593 0x0000014c004ba110 code [0x0000014c004ba2c0, 0x0000014c004ba548]
Event: 21.942 Thread 0x0000014c7d3fefa0 5594       3       org.springframework.core.OrderComparator::getOrder (111 bytes)
Event: 21.942 Thread 0x0000014c7d3fefa0 nmethod 5594 0x0000014c00792590 code [0x0000014c007927c0, 0x0000014c00792fa8]
Event: 21.947 Thread 0x0000014c7d3fefa0 5595   !   3       org.apache.tomcat.util.http.parser.HttpParser::isToken (9 bytes)
Event: 21.947 Thread 0x0000014c7d3fefa0 nmethod 5595 0x0000014c0026e910 code [0x0000014c0026eac0, 0x0000014c0026ec30]
Event: 21.952 Thread 0x0000014c7d3fefa0 5596       3       java.util.regex.Pattern$TreeInfo::reset (21 bytes)
Event: 21.952 Thread 0x0000014c7d3fefa0 nmethod 5596 0x0000014c002a1410 code [0x0000014c002a15a0, 0x0000014c002a16c0]

GC Heap History (18 events):
Event: 0.659 GC heap before
{Heap before GC invocations=0 (full 0):
 garbage-first heap   total 258048K, used 20480K [0x0000000704200000, 0x0000000800000000)
  region size 2048K, 11 young (22528K), 0 survivors (0K)
 Metaspace       used 6109K, committed 6400K, reserved 1114112K
  class space    used 694K, committed 832K, reserved 1048576K
}
Event: 0.663 GC heap after
{Heap after GC invocations=1 (full 0):
 garbage-first heap   total 258048K, used 6815K [0x0000000704200000, 0x0000000800000000)
  region size 2048K, 2 young (4096K), 2 survivors (4096K)
 Metaspace       used 6109K, committed 6400K, reserved 1114112K
  class space    used 694K, committed 832K, reserved 1048576K
}
Event: 1.083 GC heap before
{Heap before GC invocations=1 (full 0):
 garbage-first heap   total 258048K, used 31391K [0x0000000704200000, 0x0000000800000000)
  region size 2048K, 15 young (30720K), 2 survivors (4096K)
 Metaspace       used 12840K, committed 13184K, reserved 1114112K
  class space    used 1533K, committed 1728K, reserved 1048576K
}
Event: 1.088 GC heap after
{Heap after GC invocations=2 (full 0):
 garbage-first heap   total 258048K, used 9945K [0x0000000704200000, 0x0000000800000000)
  region size 2048K, 2 young (4096K), 2 survivors (4096K)
 Metaspace       used 12840K, committed 13184K, reserved 1114112K
  class space    used 1533K, committed 1728K, reserved 1048576K
}
Event: 1.885 GC heap before
{Heap before GC invocations=2 (full 0):
 garbage-first heap   total 258048K, used 55001K [0x0000000704200000, 0x0000000800000000)
  region size 2048K, 26 young (53248K), 2 survivors (4096K)
 Metaspace       used 21252K, committed 21504K, reserved 1114112K
  class space    used 2572K, committed 2688K, reserved 1048576K
}
Event: 1.892 GC heap after
{Heap after GC invocations=3 (full 0):
 garbage-first heap   total 258048K, used 14088K [0x0000000704200000, 0x0000000800000000)
  region size 2048K, 4 young (8192K), 4 survivors (8192K)
 Metaspace       used 21252K, committed 21504K, reserved 1114112K
  class space    used 2572K, committed 2688K, reserved 1048576K
}
Event: 2.500 GC heap before
{Heap before GC invocations=4 (full 0):
 garbage-first heap   total 61440K, used 42760K [0x0000000704200000, 0x0000000800000000)
  region size 2048K, 18 young (36864K), 4 survivors (8192K)
 Metaspace       used 26802K, committed 27264K, reserved 1114112K
  class space    used 3381K, committed 3584K, reserved 1048576K
}
Event: 2.507 GC heap after
{Heap after GC invocations=5 (full 0):
 garbage-first heap   total 61440K, used 17262K [0x0000000704200000, 0x0000000800000000)
  region size 2048K, 2 young (4096K), 2 survivors (4096K)
 Metaspace       used 26802K, committed 27264K, reserved 1114112K
  class space    used 3381K, committed 3584K, reserved 1048576K
}
Event: 3.072 GC heap before
{Heap before GC invocations=5 (full 0):
 garbage-first heap   total 61440K, used 41838K [0x0000000704200000, 0x0000000800000000)
  region size 2048K, 15 young (30720K), 2 survivors (4096K)
 Metaspace       used 35512K, committed 35968K, reserved 1114112K
  class space    used 4411K, committed 4608K, reserved 1048576K
}
Event: 3.077 GC heap after
{Heap after GC invocations=6 (full 0):
 garbage-first heap   total 61440K, used 20308K [0x0000000704200000, 0x0000000800000000)
  region size 2048K, 2 young (4096K), 2 survivors (4096K)
 Metaspace       used 35512K, committed 35968K, reserved 1114112K
  class space    used 4411K, committed 4608K, reserved 1048576K
}
Event: 3.085 GC heap before
{Heap before GC invocations=6 (full 0):
 garbage-first heap   total 61440K, used 20308K [0x0000000704200000, 0x0000000800000000)
  region size 2048K, 3 young (6144K), 2 survivors (4096K)
 Metaspace       used 35801K, committed 36288K, reserved 1114112K
  class space    used 4442K, committed 4672K, reserved 1048576K
}
Event: 3.087 GC heap after
{Heap after GC invocations=7 (full 0):
 garbage-first heap   total 61440K, used 20836K [0x0000000704200000, 0x0000000800000000)
  region size 2048K, 1 young (2048K), 1 survivors (2048K)
 Metaspace       used 35801K, committed 36288K, reserved 1114112K
  class space    used 4442K, committed 4672K, reserved 1048576K
}
Event: 3.651 GC heap before
{Heap before GC invocations=8 (full 0):
 garbage-first heap   total 61440K, used 47460K [0x0000000704200000, 0x0000000800000000)
  region size 2048K, 15 young (30720K), 1 survivors (2048K)
 Metaspace       used 43466K, committed 44032K, reserved 1114112K
  class space    used 5540K, committed 5760K, reserved 1048576K
}
Event: 3.653 GC heap after
{Heap after GC invocations=9 (full 0):
 garbage-first heap   total 159744K, used 22192K [0x0000000704200000, 0x0000000800000000)
  region size 2048K, 1 young (2048K), 1 survivors (2048K)
 Metaspace       used 43466K, committed 44032K, reserved 1114112K
  class space    used 5540K, committed 5760K, reserved 1048576K
}
Event: 4.746 GC heap before
{Heap before GC invocations=9 (full 0):
 garbage-first heap   total 159744K, used 83632K [0x0000000704200000, 0x0000000800000000)
  region size 2048K, 33 young (67584K), 1 survivors (2048K)
 Metaspace       used 60334K, committed 60928K, reserved 1114112K
  class space    used 8003K, committed 8256K, reserved 1048576K
}
Event: 4.752 GC heap after
{Heap after GC invocations=10 (full 0):
 garbage-first heap   total 159744K, used 26187K [0x0000000704200000, 0x0000000800000000)
  region size 2048K, 4 young (8192K), 4 survivors (8192K)
 Metaspace       used 60334K, committed 60928K, reserved 1114112K
  class space    used 8003K, committed 8256K, reserved 1048576K
}
Event: 4.824 GC heap before
{Heap before GC invocations=10 (full 0):
 garbage-first heap   total 159744K, used 28235K [0x0000000704200000, 0x0000000800000000)
  region size 2048K, 6 young (12288K), 4 survivors (8192K)
 Metaspace       used 60653K, committed 61248K, reserved 1114112K
  class space    used 8049K, committed 8320K, reserved 1048576K
}
Event: 4.828 GC heap after
{Heap after GC invocations=11 (full 0):
 garbage-first heap   total 159744K, used 27042K [0x0000000704200000, 0x0000000800000000)
  region size 2048K, 4 young (8192K), 4 survivors (8192K)
 Metaspace       used 60653K, committed 61248K, reserved 1114112K
  class space    used 8049K, committed 8320K, reserved 1048576K
}

Dll operation events (14 events):
Event: 0.010 Loaded shared library C:\Program Files\Java\jdk-21\bin\java.dll
Event: 0.049 Loaded shared library C:\Program Files\Java\jdk-21\bin\jsvml.dll
Event: 0.134 Loaded shared library C:\Program Files\Java\jdk-21\bin\zip.dll
Event: 0.138 Loaded shared library C:\Program Files\Java\jdk-21\bin\instrument.dll
Event: 0.144 Loaded shared library C:\Program Files\Java\jdk-21\bin\net.dll
Event: 0.146 Loaded shared library C:\Program Files\Java\jdk-21\bin\nio.dll
Event: 0.148 Loaded shared library C:\Program Files\Java\jdk-21\bin\zip.dll
Event: 0.229 Loaded shared library C:\Program Files\JetBrains\IntelliJ IDEA Community Edition 2023.2.3\bin\breakgen64.dll
Event: 0.238 Loaded shared library C:\Program Files\Java\jdk-21\bin\extnet.dll
Event: 0.273 Loaded shared library C:\Program Files\Java\jdk-21\bin\jimage.dll
Event: 1.241 Loaded shared library C:\Program Files\Java\jdk-21\bin\sunmscapi.dll
Event: 2.573 Loaded shared library C:\Program Files\Java\jdk-21\bin\management.dll
Event: 2.575 Loaded shared library C:\Program Files\Java\jdk-21\bin\management_ext.dll
Event: 3.460 Loaded shared library C:\Program Files\Java\jdk-21\bin\verify.dll

Deoptimization events (20 events):
Event: 5.132 Thread 0x0000014c6b1110c0 Uncommon trap: trap_request=0xffffffde fr.pc=0x0000014c07e27f5c relative=0x00000000000036bc
Event: 5.132 Thread 0x0000014c6b1110c0 Uncommon trap: reason=class_check action=maybe_recompile pc=0x0000014c07e27f5c method=org.springframework.core.annotation.AnnotationsScanner.processClassInheritedAnnotations(Ljava/lang/Object;Ljava/lang/Class;Lorg/springframework/core/annotation/MergedAnn
Event: 5.132 Thread 0x0000014c6b1110c0 DEOPT PACKING pc=0x0000014c07e27f5c sp=0x0000000d9cefe750
Event: 5.132 Thread 0x0000014c6b1110c0 DEOPT UNPACKING pc=0x0000014c07587da2 sp=0x0000000d9cefe668 mode 2
Event: 5.132 Thread 0x0000014c6b1110c0 Uncommon trap: trap_request=0xffffffde fr.pc=0x0000014c07e27f5c relative=0x00000000000036bc
Event: 5.132 Thread 0x0000014c6b1110c0 Uncommon trap: reason=class_check action=maybe_recompile pc=0x0000014c07e27f5c method=org.springframework.core.annotation.AnnotationsScanner.processClassInheritedAnnotations(Ljava/lang/Object;Ljava/lang/Class;Lorg/springframework/core/annotation/MergedAnn
Event: 5.132 Thread 0x0000014c6b1110c0 DEOPT PACKING pc=0x0000014c07e27f5c sp=0x0000000d9cefe750
Event: 5.132 Thread 0x0000014c6b1110c0 DEOPT UNPACKING pc=0x0000014c07587da2 sp=0x0000000d9cefe668 mode 2
Event: 5.134 Thread 0x0000014c6b1110c0 Uncommon trap: trap_request=0xffffff45 fr.pc=0x0000014c07df5210 relative=0x0000000000004430
Event: 5.134 Thread 0x0000014c6b1110c0 Uncommon trap: reason=unstable_if action=reinterpret pc=0x0000014c07df5210 method=org.springframework.util.ReflectionUtils.lambda$static$0(Ljava/lang/reflect/Method;)Z @ 4 c2
Event: 5.134 Thread 0x0000014c6b1110c0 DEOPT PACKING pc=0x0000014c07df5210 sp=0x0000000d9cefe930
Event: 5.134 Thread 0x0000014c6b1110c0 DEOPT UNPACKING pc=0x0000014c07587da2 sp=0x0000000d9cefe898 mode 2
Event: 5.138 Thread 0x0000014c6b1110c0 Uncommon trap: trap_request=0xffffff45 fr.pc=0x0000014c07b3f18c relative=0x000000000000006c
Event: 5.138 Thread 0x0000014c6b1110c0 Uncommon trap: reason=unstable_if action=reinterpret pc=0x0000014c07b3f18c method=org.springframework.util.ConcurrentReferenceHashMap$Segment.clear()V @ 7 c2
Event: 5.138 Thread 0x0000014c6b1110c0 DEOPT PACKING pc=0x0000014c07b3f18c sp=0x0000000d9cefebc0
Event: 5.138 Thread 0x0000014c6b1110c0 DEOPT UNPACKING pc=0x0000014c07587da2 sp=0x0000000d9cefeb50 mode 2
Event: 5.174 Thread 0x0000014c6b1110c0 Uncommon trap: trap_request=0xffffff45 fr.pc=0x0000014c07d01cac relative=0x000000000000010c
Event: 5.174 Thread 0x0000014c6b1110c0 Uncommon trap: reason=unstable_if action=reinterpret pc=0x0000014c07d01cac method=java.util.ArrayList.indexOfRange(Ljava/lang/Object;II)I @ 7 c2
Event: 5.174 Thread 0x0000014c6b1110c0 DEOPT PACKING pc=0x0000014c07d01cac sp=0x0000000d9cefe930
Event: 5.174 Thread 0x0000014c6b1110c0 DEOPT UNPACKING pc=0x0000014c07587da2 sp=0x0000000d9cefe8b0 mode 2

Classes loaded (20 events):
Event: 21.869 Loading class sun/nio/ch/SocketAdaptor
Event: 21.869 Loading class sun/nio/ch/SocketAdaptor done
Event: 21.869 Loading class sun/nio/ch/SocketChannelImpl$DefaultOptionsHolder
Event: 21.869 Loading class sun/nio/ch/SocketChannelImpl$DefaultOptionsHolder done
Event: 21.870 Loading class sun/nio/ch/SelectionKeyImpl
Event: 21.870 Loading class java/nio/channels/spi/AbstractSelectionKey
Event: 21.870 Loading class java/nio/channels/SelectionKey
Event: 21.870 Loading class java/nio/channels/SelectionKey done
Event: 21.870 Loading class java/nio/channels/spi/AbstractSelectionKey done
Event: 21.870 Loading class sun/nio/ch/SelectionKeyImpl done
Event: 21.870 Loading class java/lang/invoke/ConstantBootstraps
Event: 21.870 Loading class java/lang/invoke/ConstantBootstraps done
Event: 21.904 Loading class sun/nio/cs/ThreadLocalCoders
Event: 21.904 Loading class sun/nio/cs/ThreadLocalCoders done
Event: 21.904 Loading class sun/nio/cs/ThreadLocalCoders$1
Event: 21.904 Loading class sun/nio/cs/ThreadLocalCoders$Cache
Event: 21.904 Loading class sun/nio/cs/ThreadLocalCoders$Cache done
Event: 21.904 Loading class sun/nio/cs/ThreadLocalCoders$1 done
Event: 21.904 Loading class sun/nio/cs/ThreadLocalCoders$2
Event: 21.904 Loading class sun/nio/cs/ThreadLocalCoders$2 done

Classes unloaded (0 events):
No events

Classes redefined (0 events):
No events

Internal exceptions (20 events):
Event: 4.410 Thread 0x0000014c6b1110c0 Exception <a 'java/lang/IncompatibleClassChangeError'{0x000000070b0a1740}: Found class java.lang.Object, but interface was expected> (0x000000070b0a1740) 
thrown [s\open\src\hotspot\share\interpreter\linkResolver.cpp, line 840]
Event: 4.417 Thread 0x0000014c6b1110c0 Exception <a 'java/lang/IncompatibleClassChangeError'{0x000000070b132110}: Found class java.lang.Object, but interface was expected> (0x000000070b132110) 
thrown [s\open\src\hotspot\share\interpreter\linkResolver.cpp, line 840]
Event: 4.458 Thread 0x0000014c6b1110c0 Exception <a 'java/lang/IncompatibleClassChangeError'{0x000000070ae7dce8}: Found class java.lang.Object, but interface was expected> (0x000000070ae7dce8) 
thrown [s\open\src\hotspot\share\interpreter\linkResolver.cpp, line 840]
Event: 4.575 Thread 0x0000014c6b1110c0 Exception <a 'java/lang/IncompatibleClassChangeError'{0x000000070a80b360}: Found class java.lang.Object, but interface was expected> (0x000000070a80b360) 
thrown [s\open\src\hotspot\share\interpreter\linkResolver.cpp, line 840]
Event: 4.663 Thread 0x0000014c6b1110c0 Exception <a 'java/lang/NoSuchMethodError'{0x000000070a2e0030}: 'java.lang.Object java.lang.invoke.DirectMethodHandle$Holder.newInvokeSpecial(java.lang.Object, java.lang.Object, java.lang.Object, java.lang.Object, java.lang.Object, java.lang.Object, java.lang.Object, java.lang.Object)'> (0x000000070a2e0030) 
thrown [s\open\src\hotspot\share\interpreter\linkResolver.cpp, line 773]
Event: 4.860 Thread 0x0000014c6b1110c0 Exception <a 'java/lang/IncompatibleClassChangeError'{0x0000000709a3e888}: Found class java.lang.Object, but interface was expected> (0x0000000709a3e888) 
thrown [s\open\src\hotspot\share\interpreter\linkResolver.cpp, line 840]
Event: 4.897 Thread 0x0000014c6b1110c0 Exception <a 'java/lang/NoSuchMethodError'{0x0000000709bde448}: 'void java.lang.invoke.DirectMethodHandle$Holder.invokeVirtual(java.lang.Object, java.lang.Object, long)'> (0x0000000709bde448) 
thrown [s\open\src\hotspot\share\interpreter\linkResolver.cpp, line 773]
Event: 4.947 Thread 0x0000014c6b1110c0 Exception <a 'java/lang/NoSuchMethodError'{0x00000007096f5300}: 'int java.lang.invoke.DirectMethodHandle$Holder.invokeStaticInit(java.lang.Object, java.lang.Object, java.lang.Object, java.lang.Object)'> (0x00000007096f5300) 
thrown [s\open\src\hotspot\share\interpreter\linkResolver.cpp, line 773]
Event: 4.999 Thread 0x0000014c6b1110c0 Exception <a 'java/lang/IncompatibleClassChangeError'{0x0000000709584860}: Found class java.lang.Object, but interface was expected> (0x0000000709584860) 
thrown [s\open\src\hotspot\share\interpreter\linkResolver.cpp, line 840]
Event: 5.044 Thread 0x0000014c6b1110c0 Exception <a 'java/lang/IncompatibleClassChangeError'{0x00000007090dff00}: Found class java.lang.Object, but interface was expected> (0x00000007090dff00) 
thrown [s\open\src\hotspot\share\interpreter\linkResolver.cpp, line 840]
Event: 5.050 Thread 0x0000014c6b1110c0 Exception <a 'java/lang/NoSuchMethodError'{0x000000070913bee0}: 'java.lang.Object java.lang.invoke.DirectMethodHandle$Holder.newInvokeSpecial(java.lang.Object, java.lang.Object, java.lang.Object, int, int)'> (0x000000070913bee0) 
thrown [s\open\src\hotspot\share\interpreter\linkResolver.cpp, line 773]
Event: 5.058 Thread 0x0000014c6b1110c0 Exception <a 'java/lang/IncompatibleClassChangeError'{0x00000007091b4448}: Found class java.lang.Object, but interface was expected> (0x00000007091b4448) 
thrown [s\open\src\hotspot\share\interpreter\linkResolver.cpp, line 840]
Event: 5.063 Thread 0x0000014c6b1110c0 Exception <a 'java/lang/NoSuchMethodError'{0x0000000708e2a228}: 'java.lang.Object java.lang.invoke.DirectMethodHandle$Holder.invokeVirtual(java.lang.Object, java.lang.Object, java.lang.Object, java.lang.Object, java.lang.Object, java.lang.Object, java.lang.Object)'> (0x0000000708e2a228) 
thrown [s\open\src\hotspot\share\interpreter\linkResolver.cpp, line 773]
Event: 5.097 Thread 0x0000014c6b1110c0 Implicit null exception at 0x0000014c07c21f88 to 0x0000014c07c221ec
Event: 5.141 Thread 0x0000014c6b1110c0 Exception <a 'java/lang/NoSuchMethodError'{0x0000000708a69488}: 'java.lang.Object java.lang.invoke.DirectMethodHandle$Holder.newInvokeSpecial(java.lang.Object, java.lang.Object, int, java.lang.Object, java.lang.Object)'> (0x0000000708a69488) 
thrown [s\open\src\hotspot\share\interpreter\linkResolver.cpp, line 773]
Event: 5.142 Thread 0x0000014c6b1110c0 Exception <a 'java/lang/NoSuchMethodError'{0x0000000708a74338}: 'java.lang.Object java.lang.invoke.DirectMethodHandle$Holder.invokeSpecial(java.lang.Object, java.lang.Object, int, java.lang.Object, int, java.lang.Object)'> (0x0000000708a74338) 
thrown [s\open\src\hotspot\share\interpreter\linkResolver.cpp, line 773]
Event: 5.143 Thread 0x0000014c6b1110c0 Exception <a 'java/lang/NoSuchMethodError'{0x0000000708a7b4e8}: 'java.lang.Object java.lang.invoke.DirectMethodHandle$Holder.newInvokeSpecial(java.lang.Object, java.lang.Object, int, java.lang.Object, int)'> (0x0000000708a7b4e8) 
thrown [s\open\src\hotspot\share\interpreter\linkResolver.cpp, line 773]
Event: 5.143 Thread 0x0000014c6b1110c0 Exception <a 'java/lang/NoSuchMethodError'{0x0000000708a7f358}: 'java.lang.Object java.lang.invoke.DirectMethodHandle$Holder.invokeSpecial(java.lang.Object, java.lang.Object, java.lang.Object, int, java.lang.Object, int)'> (0x0000000708a7f358) 
thrown [s\open\src\hotspot\share\interpreter\linkResolver.cpp, line 773]
Event: 21.900 Thread 0x0000014c543804e0 Exception <a 'java/lang/NoSuchMethodError'{0x00000007084d9b98}: 'java.lang.Object java.lang.invoke.DirectMethodHandle$Holder.invokeSpecial(java.lang.Object, java.lang.Object, java.lang.Object, java.lang.Object, java.lang.Object, long)'> (0x00000007084d9b98) 
thrown [s\open\src\hotspot\share\interpreter\linkResolver.cpp, line 773]
Event: 21.900 Thread 0x0000014c543804e0 Exception <a 'java/lang/NoSuchMethodError'{0x00000007084dd310}: 'java.lang.Object java.lang.invoke.Invokers$Holder.linkToTargetMethod(java.lang.Object, java.lang.Object, java.lang.Object, long, java.lang.Object)'> (0x00000007084dd310) 
thrown [s\open\src\hotspot\share\interpreter\linkResolver.cpp, line 773]

ZGC Phase Switch (0 events):
No events

VM Operations (20 events):
Event: 4.746 Executing VM operation: CollectForMetadataAllocation (Metadata GC Threshold)
Event: 4.752 Executing VM operation: CollectForMetadataAllocation (Metadata GC Threshold) done
Event: 4.766 Executing VM operation: HandshakeAllThreads (Deoptimize)
Event: 4.766 Executing VM operation: HandshakeAllThreads (Deoptimize) done
Event: 4.824 Executing VM operation: CollectForMetadataAllocation (Metadata GC Threshold)
Event: 4.828 Executing VM operation: CollectForMetadataAllocation (Metadata GC Threshold) done
Event: 4.846 Executing VM operation: G1PauseRemark
Event: 4.851 Executing VM operation: G1PauseRemark done
Event: 4.858 Executing VM operation: G1PauseCleanup
Event: 4.858 Executing VM operation: G1PauseCleanup done
Event: 4.912 Executing VM operation: HandshakeAllThreads (Deoptimize)
Event: 4.913 Executing VM operation: HandshakeAllThreads (Deoptimize) done
Event: 5.182 Executing VM operation: ICBufferFull
Event: 5.182 Executing VM operation: ICBufferFull done
Event: 6.185 Executing VM operation: Cleanup
Event: 6.185 Executing VM operation: Cleanup done
Event: 21.916 Executing VM operation: HandshakeAllThreads (Deoptimize)
Event: 21.916 Executing VM operation: HandshakeAllThreads (Deoptimize) done
Event: 21.916 Executing VM operation: Cleanup
Event: 21.916 Executing VM operation: Cleanup done

Events (20 events):
Event: 4.850 Thread 0x0000014c7d3c2310 flushing nmethod 0x0000014c07b1d390
Event: 4.850 Thread 0x0000014c7d3c2310 flushing nmethod 0x0000014c07b01b90
Event: 4.850 Thread 0x0000014c7d3c2310 flushing nmethod 0x0000014c07ae2290
Event: 5.156 Thread 0x0000014c543804e0 Thread added: 0x0000014c543804e0
Event: 5.156 Thread 0x0000014c54381890 Thread added: 0x0000014c54381890
Event: 5.156 Thread 0x0000014c5437e410 Thread added: 0x0000014c5437e410
Event: 5.156 Thread 0x0000014c5437f130 Thread added: 0x0000014c5437f130
Event: 5.156 Thread 0x0000014c5437fe50 Thread added: 0x0000014c5437fe50
Event: 5.156 Thread 0x0000014c5437f7c0 Thread added: 0x0000014c5437f7c0
Event: 5.157 Thread 0x0000014c57f34c40 Thread added: 0x0000014c57f34c40
Event: 5.157 Thread 0x0000014c57f352d0 Thread added: 0x0000014c57f352d0
Event: 5.157 Thread 0x0000014c57f30aa0 Thread added: 0x0000014c57f30aa0
Event: 5.157 Thread 0x0000014c57f35ff0 Thread added: 0x0000014c57f35ff0
Event: 5.168 Thread 0x0000014c57f31e50 Thread added: 0x0000014c57f31e50
Event: 5.170 Thread 0x0000014c57f33f20 Thread added: 0x0000014c57f33f20
Event: 5.185 Thread 0x0000014c6b1110c0 Thread exited: 0x0000014c6b1110c0
Event: 5.185 Thread 0x0000014c57f35960 Thread added: 0x0000014c57f35960
Event: 8.532 Thread 0x0000014c5437eaa0 Thread exited: 0x0000014c5437eaa0
Event: 10.508 Thread 0x0000014c5545fb10 Thread exited: 0x0000014c5545fb10
Event: 15.405 Thread 0x0000014c5545f440 Thread exited: 0x0000014c5545f440


Dynamic libraries:
0x00007ff682eb0000 - 0x00007ff682ec0000 	C:\Program Files\Java\jdk-21\bin\java.exe
0x00007ffa48ad0000 - 0x00007ffa48ce7000 	C:\WINDOWS\SYSTEM32\ntdll.dll
0x00007ff9f6250000 - 0x00007ff9f6269000 	C:\Program Files\AVG\Antivirus\aswhook.dll
0x00007ffa46ec0000 - 0x00007ffa46f84000 	C:\WINDOWS\System32\KERNEL32.DLL
0x00007ffa46100000 - 0x00007ffa464a6000 	C:\WINDOWS\System32\KERNELBASE.dll
0x00007ffa45e40000 - 0x00007ffa45f51000 	C:\WINDOWS\System32\ucrtbase.dll
0x00007ffa33f80000 - 0x00007ffa33f99000 	C:\Program Files\Java\jdk-21\bin\jli.dll
0x00007ffa314c0000 - 0x00007ffa314db000 	C:\Program Files\Java\jdk-21\bin\VCRUNTIME140.dll
0x00007ffa47320000 - 0x00007ffa473d3000 	C:\WINDOWS\System32\ADVAPI32.dll
0x00007ffa486d0000 - 0x00007ffa48777000 	C:\WINDOWS\System32\msvcrt.dll
0x00007ffa48950000 - 0x00007ffa489f8000 	C:\WINDOWS\System32\sechost.dll
0x00007ffa464b0000 - 0x00007ffa464d8000 	C:\WINDOWS\System32\bcrypt.dll
0x00007ffa46820000 - 0x00007ffa46937000 	C:\WINDOWS\System32\RPCRT4.dll
0x00007ffa47fe0000 - 0x00007ffa4818e000 	C:\WINDOWS\System32\USER32.dll
0x00007ffa45e10000 - 0x00007ffa45e36000 	C:\WINDOWS\System32\win32u.dll
0x00007ffa1f9b0000 - 0x00007ffa1fc43000 	C:\WINDOWS\WinSxS\amd64_microsoft.windows.common-controls_6595b64144ccf1df_6.0.22621.2506_none_270c5ae97388e100\COMCTL32.dll
0x00007ffa47e00000 - 0x00007ffa47e29000 	C:\WINDOWS\System32\GDI32.dll
0x00007ffa45f60000 - 0x00007ffa46078000 	C:\WINDOWS\System32\gdi32full.dll
0x00007ffa46780000 - 0x00007ffa4681a000 	C:\WINDOWS\System32\msvcp_win.dll
0x00007ffa3b210000 - 0x00007ffa3b21a000 	C:\WINDOWS\SYSTEM32\VERSION.dll
0x00007ffa48a50000 - 0x00007ffa48a81000 	C:\WINDOWS\System32\IMM32.DLL
0x00007ffa405f0000 - 0x00007ffa405fc000 	C:\Program Files\Java\jdk-21\bin\vcruntime140_1.dll
0x00007ffa30580000 - 0x00007ffa3060e000 	C:\Program Files\Java\jdk-21\bin\msvcp140.dll
0x00007ff9eb8e0000 - 0x00007ff9ec5f3000 	C:\Program Files\Java\jdk-21\bin\server\jvm.dll
0x00007ffa48780000 - 0x00007ffa487f1000 	C:\WINDOWS\System32\WS2_32.dll
0x00007ffa45ce0000 - 0x00007ffa45d2d000 	C:\WINDOWS\SYSTEM32\POWRPROF.dll
0x00007ffa3bc90000 - 0x00007ffa3bcc4000 	C:\WINDOWS\SYSTEM32\WINMM.dll
0x00007ffa45cc0000 - 0x00007ffa45cd3000 	C:\WINDOWS\SYSTEM32\UMPDC.dll
0x00007ffa44e50000 - 0x00007ffa44e68000 	C:\WINDOWS\SYSTEM32\kernel.appcore.dll
0x00007ffa31870000 - 0x00007ffa3187a000 	C:\Program Files\Java\jdk-21\bin\jimage.dll
0x00007ffa42aa0000 - 0x00007ffa42cd3000 	C:\WINDOWS\SYSTEM32\DBGHELP.DLL
0x00007ffa46f90000 - 0x00007ffa47319000 	C:\WINDOWS\System32\combase.dll
0x00007ffa47d20000 - 0x00007ffa47df7000 	C:\WINDOWS\System32\OLEAUT32.dll
0x00007ffa34e80000 - 0x00007ffa34eb2000 	C:\WINDOWS\SYSTEM32\dbgcore.DLL
0x00007ffa46080000 - 0x00007ffa460fa000 	C:\WINDOWS\System32\bcryptPrimitives.dll
0x00007ffa31150000 - 0x00007ffa3115f000 	C:\Program Files\Java\jdk-21\bin\instrument.dll
0x00007ffa31300000 - 0x00007ffa3131f000 	C:\Program Files\Java\jdk-21\bin\java.dll
0x00007ffa47460000 - 0x00007ffa47cbb000 	C:\WINDOWS\System32\SHELL32.dll
0x00007ffa43d30000 - 0x00007ffa44626000 	C:\WINDOWS\SYSTEM32\windows.storage.dll
0x00007ffa43bf0000 - 0x00007ffa43d2e000 	C:\WINDOWS\SYSTEM32\wintypes.dll
0x00007ffa48190000 - 0x00007ffa48283000 	C:\WINDOWS\System32\SHCORE.dll
0x00007ffa48860000 - 0x00007ffa488be000 	C:\WINDOWS\System32\shlwapi.dll
0x00007ffa45d40000 - 0x00007ffa45d66000 	C:\WINDOWS\SYSTEM32\profapi.dll
0x00007ffa2e930000 - 0x00007ffa2ea07000 	C:\Program Files\Java\jdk-21\bin\jsvml.dll
0x00007ffa311a0000 - 0x00007ffa311b8000 	C:\Program Files\Java\jdk-21\bin\zip.dll
0x00007ffa314b0000 - 0x00007ffa314c0000 	C:\Program Files\Java\jdk-21\bin\net.dll
0x00007ffa3cff0000 - 0x00007ffa3d127000 	C:\WINDOWS\SYSTEM32\WINHTTP.dll
0x00007ffa452d0000 - 0x00007ffa45339000 	C:\WINDOWS\system32\mswsock.dll
0x00007ffa311c0000 - 0x00007ffa311d6000 	C:\Program Files\Java\jdk-21\bin\nio.dll
0x00007ffa30f30000 - 0x00007ffa30f4a000 	C:\Program Files\JetBrains\IntelliJ IDEA Community Edition 2023.2.3\bin\breakgen64.dll
0x00007ffa30f50000 - 0x00007ffa30f57000 	C:\Program Files\Java\jdk-21\bin\extnet.dll
0x00007ffa30f60000 - 0x00007ffa30f6e000 	C:\Program Files\Java\jdk-21\bin\sunmscapi.dll
0x00007ffa46550000 - 0x00007ffa466b6000 	C:\WINDOWS\System32\CRYPT32.dll
0x00007ffa456c0000 - 0x00007ffa456ee000 	C:\WINDOWS\SYSTEM32\ncrypt.dll
0x00007ffa45680000 - 0x00007ffa456b7000 	C:\WINDOWS\SYSTEM32\NTASN1.dll
0x00007ffa45520000 - 0x00007ffa4553b000 	C:\WINDOWS\SYSTEM32\CRYPTSP.dll
0x00007ffa44db0000 - 0x00007ffa44de5000 	C:\WINDOWS\system32\rsaenh.dll
0x00007ffa453c0000 - 0x00007ffa453ec000 	C:\WINDOWS\SYSTEM32\USERENV.dll
0x00007ffa45540000 - 0x00007ffa4554c000 	C:\WINDOWS\SYSTEM32\CRYPTBASE.dll
0x00007ffa448d0000 - 0x00007ffa448fd000 	C:\WINDOWS\SYSTEM32\IPHLPAPI.DLL
0x00007ffa47e30000 - 0x00007ffa47e39000 	C:\WINDOWS\System32\NSI.dll
0x00007ffa31180000 - 0x00007ffa3118a000 	C:\Program Files\Java\jdk-21\bin\management.dll
0x00007ffa31170000 - 0x00007ffa3117b000 	C:\Program Files\Java\jdk-21\bin\management_ext.dll
0x00007ffa486c0000 - 0x00007ffa486c8000 	C:\WINDOWS\System32\PSAPI.DLL
0x00007ffa44900000 - 0x00007ffa449f9000 	C:\WINDOWS\SYSTEM32\DNSAPI.dll
0x000000005ecb0000 - 0x000000005ecba000 	C:\Program Files\National Instruments\Shared\mDNS Responder\nimdnsNSP.dll
0x000000005eca0000 - 0x000000005ecb0000 	C:\WINDOWS\SYSTEM32\nimdnsResponder.dll
0x000000005ec70000 - 0x000000005ec96000 	C:\Program Files\Bonjour\mdnsNSP.dll
0x00007ffa3f230000 - 0x00007ffa3f23a000 	C:\Windows\System32\rasadhlp.dll
0x00007ffa3b470000 - 0x00007ffa3b4f3000 	C:\WINDOWS\System32\fwpuclnt.dll
0x00007ffa31190000 - 0x00007ffa311a0000 	C:\Program Files\Java\jdk-21\bin\verify.dll
0x00007ffa31c90000 - 0x00007ffa31c98000 	C:\WINDOWS\system32\wshunix.dll

dbghelp: loaded successfully - version: 4.0.5 - missing functions: none
symbol engine: initialized successfully - sym options: 0x614 - pdb path: .;C:\Program Files\Java\jdk-21\bin;C:\WINDOWS\SYSTEM32;C:\Program Files\AVG\Antivirus;C:\WINDOWS\WinSxS\amd64_microsoft.windows.common-controls_6595b64144ccf1df_6.0.22621.2506_none_270c5ae97388e100;C:\Program Files\Java\jdk-21\bin\server;C:\Program Files\JetBrains\IntelliJ IDEA Community Edition 2023.2.3\bin;C:\Program Files\National Instruments\Shared\mDNS Responder;C:\Program Files\Bonjour

VM Arguments:
jvm_args: -javaagent:C:\Program Files\JetBrains\IntelliJ IDEA Community Edition 2023.2.3\lib\idea_rt.jar=52430:C:\Program Files\JetBrains\IntelliJ IDEA Community Edition 2023.2.3\bin -Dfile.encoding=UTF-8 -Dsun.stdout.encoding=UTF-8 -Dsun.stderr.encoding=UTF-8 
java_command: com.example.CrudApplication.CrudApplication
java_class_path (initial): C:\Spring Projects\CrudApplication\target\classes;C:\Users\97154\.m2\repository\org\springframework\boot\spring-boot-starter-data-jdbc\3.2.3\spring-boot-starter-data-jdbc-3.2.3.jar;C:\Users\97154\.m2\repository\org\springframework\data\spring-data-jdbc\3.2.3\spring-data-jdbc-3.2.3.jar;C:\Users\97154\.m2\repository\org\springframework\data\spring-data-relational\3.2.3\spring-data-relational-3.2.3.jar;C:\Users\97154\.m2\repository\com\github\jsqlparser\jsqlparser\4.6\jsqlparser-4.6.jar;C:\Users\97154\.m2\repository\org\springframework\data\spring-data-commons\3.2.3\spring-data-commons-3.2.3.jar;C:\Users\97154\.m2\repository\org\springframework\spring-tx\6.1.4\spring-tx-6.1.4.jar;C:\Users\97154\.m2\repository\org\springframework\spring-context\6.1.4\spring-context-6.1.4.jar;C:\Users\97154\.m2\repository\org\springframework\boot\spring-boot-starter-data-jpa\3.2.3\spring-boot-starter-data-jpa-3.2.3.jar;C:\Users\97154\.m2\repository\org\springframework\boot\spring-boot-starter-aop\3.2.3\spring-boot-starter-aop-3.2.3.jar;C:\Users\97154\.m2\repository\org\aspectj\aspectjweaver\1.9.21\aspectjweaver-1.9.21.jar;C:\Users\97154\.m2\repository\org\hibernate\orm\hibernate-core\6.4.4.Final\hibernate-core-6.4.4.Final.jar;C:\Users\97154\.m2\repository\jakarta\persistence\jakarta.persistence-api\3.1.0\jakarta.persistence-api-3.1.0.jar;C:\Users\97154\.m2\repository\jakarta\transaction\jakarta.transaction-api\2.0.1\jakarta.transaction-api-2.0.1.jar;C:\Users\97154\.m2\repository\org\jboss\logging\jboss-logging\3.5.3.Final\jboss-logging-3.5.3.Final.jar;C:\Users\97154\.m2\repository\org\hibernate\common\hibernate-commons-annotations\6.0.6.Final\hibernate-commons-annotations-6.0.6.Final.jar;C:\Users\97154\.m2\repository\io\smallrye\jandex\3.1.2\jandex-3.1.2.jar;C:\Users\97154\.m2\repository\com\fasterxml\classmate\1.6.0\classmate-1.6.0.jar;C:\Users\97154\.m2\repository\net\bytebuddy\byte-buddy\1.14.12\byte-buddy-1.14.12.jar;C:\Users\97154\.m2\repository\org\glassfish\jaxb\jaxb-runtime\4.0.4\jaxb-runtime-4.0.4.jar;C:\Users\97154\.m2\repository\org\glassfish\jaxb\jaxb-core\4.0.4\jaxb-core-4.0.4.jar;C:\Users\97154\.m2\repository\org\eclipse\angus\angus-activation\2.0.1\angus-activation-2.0.1.jar;C:\Users\97154\.m2\repository\org\glassfish\jaxb\txw2\4.0.4\txw2-4.0.4.jar;C:\Users\97154\.m2\repository\com\sun\istack\istack-commons-runtime\4.1.2\istack-commons-runtime-4.1.2.jar;C:\Users\97154\.m2\repository\jakarta\inject\jakarta.inject-api\2.0.1\jakarta.inject-api-2.0.1.jar;C:\Users\97154\.m2\repository\org\antlr\antlr4-runtime\4.13.0\antlr4-runtime-4.13.0.jar;C:\Users\97154\.m2\repository\org\springframework\data\spring-data-jpa\3.2.3\spring-data-jpa-3.2.3.jar;C:\Users\97154\.m2\repository\org\springframework\spring-orm\6.1.4\spring-orm-6.1.4.jar;C:\Users\97154\.m2\repository\jakarta\annotation\jakarta.annotation-api\2.1.1\jakarta.annotation-api-2.1.1.jar;C:\Users\97154\.m2\repository\org\springframework\spring-aspects\6.1.4\spring-aspects-6.1.4.jar;C:\Users\97154\.m2\repository\org\springframework\boot\spring-boot-starter-jdbc\3.2.3\spring-boot-starter-jdbc-3.2.3.jar;C:\Users\97154\.m2\repository\org\springframework\boot\spring-boot-starter\3.2.3\spring-boot-starter-3.2.3.jar;C:\Users\97154\.m2\repository\org\springframework\boot\spring-boot\3.2.3\spring-boot-3.2.3.jar;C:\Users\97154\.m2\repository\org\springframework\boot\spring-boot-autoconfigure\3.2.3\spring-boot-autoconfigure-3.2.3.jar;C:\Users\97154\.m2\repository\org\springframework\boot\spring-boot-starter-logging\3.2.3\spring-boot-starter-logging-3.2.3.jar;C:\Users\97154\.m2\repository\ch\qos\logback\logback-classic\1.4.14\logback-classic-1.4.14.jar;C:\Users\97154\.m2\repository\ch\qos\logback\logback-core\1.4.14\logback-core-1.4.14.jar;C:\Users\97154\.m2\repository\org\apache\logging\log4j\log4j-to-slf4j\2.21.1\log4j-to-slf4j-2.21.1.jar;C:\Users\97154\.m2\repository\org\apache\logging\log4j\log4j-api\2.21.1\log4j-api-2.21.1.jar;C:\Users\97154\.m2\repository\org\slf4j\jul-to-slf4j\2.0.12\jul-to-slf4j-2.0.12.jar;C:\Users\97154\.m2\repository\org\yaml\snakeyaml\2.2\snakeyaml-2.2.jar;C:\Users\97154\.m2\repository\com\zaxxer\HikariCP\5.0.1\HikariCP-5.0.1.jar;C:\Users\97154\.m2\repository\org\springframework\spring-jdbc\6.1.4\spring-jdbc-6.1.4.jar;C:\Users\97154\.m2\repository\org\springframework\boot\spring-boot-starter-security\3.2.3\spring-boot-starter-security-3.2.3.jar;C:\Users\97154\.m2\repository\org\springframework\spring-aop\6.1.4\spring-aop-6.1.4.jar;C:\Users\97154\.m2\repository\org\springframework\security\spring-security-config\6.2.2\spring-security-config-6.2.2.jar;C:\Users\97154\.m2\repository\org\springframework\security\spring-security-web\6.2.2\spring-security-web-6.2.2.jar;C:\Users\97154\.m2\repository\org\springframework\spring-expression\6.1.4\spring-expression-6.1.4.jar;C:\Users\97154\.m2\repository\org\springframework\boot\spring-boot-starter-thymeleaf\3.2.3\spring-boot-starter-thymeleaf-3.2.3.jar;C:\Users\97154\.m2\repository\org\thymeleaf\thymeleaf-spring6\3.1.2.RELEASE\thymeleaf-spring6-3.1.2.RELEASE.jar;C:\Users\97154\.m2\repository\org\thymeleaf\thymeleaf\3.1.2.RELEASE\thymeleaf-3.1.2.RELEASE.jar;C:\Users\97154\.m2\repository\org\attoparser\attoparser\2.0.7.RELEASE\attoparser-2.0.7.RELEASE.jar;C:\Users\97154\.m2\repository\org\unbescape\unbescape\1.1.6.RELEASE\unbescape-1.1.6.RELEASE.jar;C:\Users\97154\.m2\repository\org\springframework\boot\spring-boot-starter-web\3.2.3\spring-boot-starter-web-3.2.3.jar;C:\Users\97154\.m2\repository\org\springframework\boot\spring-boot-starter-json\3.2.3\spring-boot-starter-json-3.2.3.jar;C:\Users\97154\.m2\repository\com\fasterxml\jackson\core\jackson-databind\2.15.4\jackson-databind-2.15.4.jar;C:\Users\97154\.m2\repository\com\fasterxml\jackson\core\jackson-annotations\2.15.4\jackson-annotations-2.15.4.jar;C:\Users\97154\.m2\repository\com\fasterxml\jackson\core\jackson-core\2.15.4\jackson-core-2.15.4.jar;C:\Users\97154\.m2\repository\com\fasterxml\jackson\datatype\jackson-datatype-jdk8\2.15.4\jackson-datatype-jdk8-2.15.4.jar;C:\Users\97154\.m2\repository\com\fasterxml\jackson\datatype\jackson-datatype-jsr310\2.15.4\jackson-datatype-jsr310-2.15.4.jar;C:\Users\97154\.m2\repository\com\fasterxml\jackson\module\jackson-module-parameter-names\2.15.4\jackson-module-parameter-names-2.15.4.jar;C:\Users\97154\.m2\repository\org\springframework\boot\spring-boot-starter-tomcat\3.2.3\spring-boot-starter-tomcat-3.2.3.jar;C:\Users\97154\.m2\repository\org\apache\tomcat\embed\tomcat-embed-core\10.1.19\tomcat-embed-core-10.1.19.jar;C:\Users\97154\.m2\repository\org\apache\tomcat\embed\tomcat-embed-el\10.1.19\tomcat-embed-el-10.1.19.jar;C:\Users\97154\.m2\repository\org\apache\tomcat\embed\tomcat-embed-websocket\10.1.19\tomcat-embed-websocket-10.1.19.jar;C:\Users\97154\.m2\repository\org\springframework\spring-webmvc\6.1.4\spring-webmvc-6.1.4.jar;C:\Users\97154\.m2\repository\org\thymeleaf\extras\thymeleaf-extras-springsecurity6\3.1.2.RELEASE\thymeleaf-extras-springsecurity6-3.1.2.RELEASE.jar;C:\Users\97154\.m2\repository\org\slf4j\slf4j-api\2.0.12\slf4j-api-2.0.12.jar;C:\Users\97154\.m2\repository\com\mysql\mysql-connector-j\8.3.0\mysql-connector-j-8.3.0.jar;C:\Users\97154\.m2\repository\org\projectlombok\lombok\1.18.30\lombok-1.18.30.jar;C:\Users\97154\.m2\repository\jakarta\xml\bind\jakarta.xml.bind-api\4.0.1\jakarta.xml.bind-api-4.0.1.jar;C:\Users\97154\.m2\repository\jakarta\activation\jakarta.activation-api\2.1.2\jakarta.activation-api-2.1.2.jar;C:\Users\97154\.m2\repository\org\springframework\spring-core\6.1.4\spring-core-6.1.4.jar;C:\Users\97154\.m2\repository\org\springframework\spring-jcl\6.1.4\spring-jcl-6.1.4.jar;C:\Users\97154\.m2\repository\org\springframework\security\spring-security-core\6.2.2\spring-security-core-6.2.2.jar;C:\Users\97154\.m2\repository\org\springframework\security\spring-security-crypto\6.2.2\spring-security-crypto-6.2.2.jar;C:\Users\97154\.m2\repository\org\springframework\spring-web\6.1.4\spring-web-6.1.4.jar;C:\Users\97154\.m2\repository\org\springframework\spring-beans\6.1.4\spring-beans-6.1.4.jar;C:\Users\97154\.m2\repository\io\micrometer\micrometer-observation\1.12.3\micrometer-observation-1.12.3.jar;C:\Users\97154\.m2\repository\io\micrometer\micrometer-commons\1.12.3\micrometer-commons-1.12.3.jar
Launcher Type: SUN_STANDARD

[Global flags]
     intx CICompilerCount                          = 4                                         {product} {ergonomic}
     uint ConcGCThreads                            = 2                                         {product} {ergonomic}
     uint G1ConcRefinementThreads                  = 8                                         {product} {ergonomic}
   size_t G1HeapRegionSize                         = 2097152                                   {product} {ergonomic}
    uintx GCDrainStackTargetSize                   = 64                                        {product} {ergonomic}
   size_t InitialHeapSize                          = 264241152                                 {product} {ergonomic}
   size_t MarkStackSize                            = 4194304                                   {product} {ergonomic}
   size_t MaxHeapSize                              = 4225761280                                {product} {ergonomic}
   size_t MaxNewSize                               = 2535456768                                {product} {ergonomic}
   size_t MinHeapDeltaBytes                        = 2097152                                   {product} {ergonomic}
   size_t MinHeapSize                              = 8388608                                   {product} {ergonomic}
    uintx NonNMethodCodeHeapSize                   = 5839372                                {pd product} {ergonomic}
    uintx NonProfiledCodeHeapSize                  = 122909434                              {pd product} {ergonomic}
    uintx ProfiledCodeHeapSize                     = 122909434                              {pd product} {ergonomic}
    uintx ReservedCodeCacheSize                    = 251658240                              {pd product} {ergonomic}
     bool SegmentedCodeCache                       = true                                      {product} {ergonomic}
   size_t SoftMaxHeapSize                          = 4225761280                             {manageable} {ergonomic}
     bool UseCompressedOops                        = true                           {product lp64_product} {ergonomic}
     bool UseG1GC                                  = true                                      {product} {ergonomic}
     bool UseLargePagesIndividualAllocation        = false                                  {pd product} {ergonomic}

Logging:
Log output configuration:
 #0: stdout all=warning uptime,level,tags foldmultilines=false
 #1: stderr all=off uptime,level,tags foldmultilines=false

Environment Variables:
JAVA_HOME=C:\Program Files\Java\jdk-21
PATH=C:\Program Files (x86)\Common Files\Oracle\Java\javapath;C:\WINDOWS\system32;C:\WINDOWS;C:\WINDOWS\System32\Wbem;C:\WINDOWS\System32\WindowsPowerShell\v1.0\;C:\WINDOWS\System32\OpenSSH\;C:\Program Files\Java\jdk-19\bin;C:\Program Files (x86)\IVI Foundation\VISA\WinNT\Bin\;C:\Program Files\IVI Foundation\VISA\Win64\Bin\;C:\Program Files (x86)\IVI Foundation\IVI\bin;C:\Program Files\IVI Foundation\IVI\bin;C:\Program Files (x86)\IVI Foundation\VISA\WinNT\Bin;C:\msys64\mingw64\bin;C:\msys64\clang64\clang+llvm-15.0.7-arm64-apple-darwin22.0\bin;C:\msys64\mingw64\bin;C:\msys64\mingw64\x86_64-w64-mingw32\bin;C:\msys64\mingw64\bin;C:\msys64\mingw64\x86_64-w64-mingw32\bin;C:\msys64\mingw64\bin;\msys64\mingw64\bin;C:\Program Files (x86)\Microsoft SQL Server\160\Tools\Binn\;C:\Program Files\Microsoft SQL Server\160\Tools\Binn\;C:\Program Files\Microsoft SQL Server\Client SDK\ODBC\170\Tools\Binn\;C:\Program Files\Microsoft SQL Server\160\DTS\Binn\;C:\Program Files\Microsoft SQL Server\150\Tools\Binn\;C:\Users\97154\Downloads\dartsdk-windows-x64-release\dart-sdk;C:\Users\97154\Downloads\flutter_windows_3.10.6-stable\flutter\bin;C:\Program Files\Git\cmd;C:\Program Files\Java\jdk-20;C:\Program Files\Java\jre-1.8\bin;C:\Program Files\Java\jdk-21\bin;C:\Windows\System32\Wbem;C:\src\dart-sdk\bin;C:\src\flutter\bin;C:\src\dart-sdk;C:\Users\97154\AppData\Local\Microsoft\WindowsApps;C:\msys64\mingw64\bin;C:\msys64\mingw64\bin;C:\msys64\mingw64\bin;C:\Program Files\Azure Data Studio\bin;C:\Users\97154\AppData\Local\Programs\Microsoft VS Code\bin;C:\Program Files\JetBrains\IntelliJ IDEA 2023.3.3\bin;;C:\Program Files\JetBrains\IntelliJ IDEA Community Edition 2023.2.3\bin;;C:\src\dart-sdk\bin;C:\src\flutter\bin;
USERNAME=97154
OS=Windows_NT
PROCESSOR_IDENTIFIER=Intel64 Family 6 Model 140 Stepping 1, GenuineIntel
TMP=C:\Users\97154\AppData\Local\Temp
TEMP=C:\Users\97154\AppData\Local\Temp




---------------  S Y S T E M  ---------------

OS:
 Windows 11 , 64 bit Build 22621 (10.0.22621.3085)
OS uptime: 0 days 19:12 hours
Hyper-V role detected

CPU: total 8 (initial active 8) (4 cores per cpu, 2 threads per core) family 6 model 140 stepping 1 microcode 0xb4, cx8, cmov, fxsr, ht, mmx, 3dnowpref, sse, sse2, sse3, ssse3, sse4.1, sse4.2, popcnt, lzcnt, tsc, tscinvbit, avx, avx2, aes, erms, clmul, bmi1, bmi2, adx, avx512f, avx512dq, avx512cd, avx512bw, avx512vl, sha, fma, vzeroupper, avx512_vpopcntdq, avx512_vpclmulqdq, avx512_vaes, avx512_vnni, clflush, clflushopt, clwb, avx512_vbmi2, avx512_vbmi, hv, rdtscp, rdpid, fsrm, gfni, avx512_bitalg, f16c, cet_ibt, cet_ss, avx512_ifma
Processor Information for all 8 processors :
  Max Mhz: 2419, Current Mhz: 2419, Mhz Limit: 2419

Memory: 4k page, system-wide physical 16118M (5184M free)
TotalPageFile size 32502M (AvailPageFile size 16280M)
current process WorkingSet (physical memory assigned to process): 253M, peak: 324M
current process commit charge ("private bytes"): 319M, peak: 410M

vm_info: Java HotSpot(TM) 64-Bit Server VM (21+35-LTS-2513) for windows-amd64 JRE (21+35-LTS-2513), built on 2023-08-09T20:25:10Z by "mach5one" with MS VC++ 17.1 (VS2022)

END.
